This is pdfTeX, Version 3.141592653-2.6-1.40.26 (MiKTeX 24.4) (preloaded format=pdflatex 2024.9.29)  10 NOV 2024 10:32
entering extended mode
 restricted \write18 enabled.
 %&-line parsing enabled.
**./main.tex
(main.tex
LaTeX2e <2024-06-01> patch level 2
L3 programming layer <2024-08-30>
(C:\Users\Owner\AppData\Local\Programs\MiKTeX\tex/latex/base\report.cls
Document Class: report 2024/02/08 v1.4n Standard LaTeX document class
(C:\Users\Owner\AppData\Local\Programs\MiKTeX\tex/latex/base\size11.clo
File: size11.clo 2024/02/08 v1.4n Standard LaTeX file (size option)
)
\c@part=\count194
\c@chapter=\count195
\c@section=\count196
\c@subsection=\count197
\c@subsubsection=\count198
\c@paragraph=\count199
\c@subparagraph=\count266
\c@figure=\count267
\c@table=\count268
\abovecaptionskip=\skip49
\belowcaptionskip=\skip50
\bibindent=\dimen141
)
(C:\Users\Owner\AppData\Local\Programs\MiKTeX\tex/latex/graphics\graphicx.sty
Package: graphicx 2021/09/16 v1.2d Enhanced LaTeX Graphics (DPC,SPQR)

(C:\Users\Owner\AppData\Local\Programs\MiKTeX\tex/latex/graphics\keyval.sty
Package: keyval 2022/05/29 v1.15 key=value parser (DPC)
\KV@toks@=\toks17
)
(C:\Users\Owner\AppData\Local\Programs\MiKTeX\tex/latex/graphics\graphics.sty
Package: graphics 2024/05/23 v1.4g Standard LaTeX Graphics (DPC,SPQR)

(C:\Users\Owner\AppData\Local\Programs\MiKTeX\tex/latex/graphics\trig.sty
Package: trig 2023/12/02 v1.11 sin cos tan (DPC)
)
(C:\Users\Owner\AppData\Local\Programs\MiKTeX\tex/latex/graphics-cfg\graphics.c
fg
File: graphics.cfg 2016/06/04 v1.11 sample graphics configuration
)
Package graphics Info: Driver file: pdftex.def on input line 106.

(C:\Users\Owner\AppData\Local\Programs\MiKTeX\tex/latex/graphics-def\pdftex.def
File: pdftex.def 2024/04/13 v1.2c Graphics/color driver for pdftex
))
\Gin@req@height=\dimen142
\Gin@req@width=\dimen143
) (C:\Users\Owner\AppData\Local\Programs\MiKTeX\tex/latex/physics\physics.sty
Package: physics 

(C:\Users\Owner\AppData\Local\Programs\MiKTeX\tex/latex/l3packages/xparse\xpars
e.sty
(C:\Users\Owner\AppData\Local\Programs\MiKTeX\tex/latex/l3kernel\expl3.sty
Package: expl3 2024-08-30 L3 programming layer (loader) 

(C:\Users\Owner\AppData\Local\Programs\MiKTeX\tex/latex/l3backend\l3backend-pdf
tex.def
File: l3backend-pdftex.def 2024-05-08 L3 backend support: PDF output (pdfTeX)
\l__color_backend_stack_int=\count269
\l__pdf_internal_box=\box52
))
Package: xparse 2024-08-16 L3 Experimental document command parser
)
(C:\Users\Owner\AppData\Local\Programs\MiKTeX\tex/latex/amsmath\amsmath.sty
Package: amsmath 2024/05/23 v2.17q AMS math features
\@mathmargin=\skip51

For additional information on amsmath, use the `?' option.
(C:\Users\Owner\AppData\Local\Programs\MiKTeX\tex/latex/amsmath\amstext.sty
Package: amstext 2021/08/26 v2.01 AMS text

(C:\Users\Owner\AppData\Local\Programs\MiKTeX\tex/latex/amsmath\amsgen.sty
File: amsgen.sty 1999/11/30 v2.0 generic functions
\@emptytoks=\toks18
\ex@=\dimen144
))
(C:\Users\Owner\AppData\Local\Programs\MiKTeX\tex/latex/amsmath\amsbsy.sty
Package: amsbsy 1999/11/29 v1.2d Bold Symbols
\pmbraise@=\dimen145
)
(C:\Users\Owner\AppData\Local\Programs\MiKTeX\tex/latex/amsmath\amsopn.sty
Package: amsopn 2022/04/08 v2.04 operator names
)
\inf@bad=\count270
LaTeX Info: Redefining \frac on input line 233.
\uproot@=\count271
\leftroot@=\count272
LaTeX Info: Redefining \overline on input line 398.
LaTeX Info: Redefining \colon on input line 409.
\classnum@=\count273
\DOTSCASE@=\count274
LaTeX Info: Redefining \ldots on input line 495.
LaTeX Info: Redefining \dots on input line 498.
LaTeX Info: Redefining \cdots on input line 619.
\Mathstrutbox@=\box53
\strutbox@=\box54
LaTeX Info: Redefining \big on input line 721.
LaTeX Info: Redefining \Big on input line 722.
LaTeX Info: Redefining \bigg on input line 723.
LaTeX Info: Redefining \Bigg on input line 724.
\big@size=\dimen146
LaTeX Font Info:    Redeclaring font encoding OML on input line 742.
LaTeX Font Info:    Redeclaring font encoding OMS on input line 743.
\macc@depth=\count275
LaTeX Info: Redefining \bmod on input line 904.
LaTeX Info: Redefining \pmod on input line 909.
LaTeX Info: Redefining \smash on input line 939.
LaTeX Info: Redefining \relbar on input line 969.
LaTeX Info: Redefining \Relbar on input line 970.
\c@MaxMatrixCols=\count276
\dotsspace@=\muskip17
\c@parentequation=\count277
\dspbrk@lvl=\count278
\tag@help=\toks19
\row@=\count279
\column@=\count280
\maxfields@=\count281
\andhelp@=\toks20
\eqnshift@=\dimen147
\alignsep@=\dimen148
\tagshift@=\dimen149
\tagwidth@=\dimen150
\totwidth@=\dimen151
\lineht@=\dimen152
\@envbody=\toks21
\multlinegap=\skip52
\multlinetaggap=\skip53
\mathdisplay@stack=\toks22
LaTeX Info: Redefining \[ on input line 2953.
LaTeX Info: Redefining \] on input line 2954.
))
(C:\Users\Owner\AppData\Local\Programs\MiKTeX\tex/latex/xcolor\xcolor.sty
Package: xcolor 2023/11/15 v3.01 LaTeX color extensions (UK)

(C:\Users\Owner\AppData\Local\Programs\MiKTeX\tex/latex/graphics-cfg\color.cfg
File: color.cfg 2016/01/02 v1.6 sample color configuration
)
Package xcolor Info: Driver file: pdftex.def on input line 274.
(C:\Users\Owner\AppData\Local\Programs\MiKTeX\tex/latex/graphics\mathcolor.ltx)
Package xcolor Info: Model `cmy' substituted by `cmy0' on input line 1350.
Package xcolor Info: Model `hsb' substituted by `rgb' on input line 1354.
Package xcolor Info: Model `RGB' extended on input line 1366.
Package xcolor Info: Model `HTML' substituted by `rgb' on input line 1368.
Package xcolor Info: Model `Hsb' substituted by `hsb' on input line 1369.
Package xcolor Info: Model `tHsb' substituted by `hsb' on input line 1370.
Package xcolor Info: Model `HSB' substituted by `hsb' on input line 1371.
Package xcolor Info: Model `Gray' substituted by `gray' on input line 1372.
Package xcolor Info: Model `wave' substituted by `hsb' on input line 1373.
) (C:\Users\Owner\AppData\Local\Programs\MiKTeX\tex/latex/amscls\amsthm.sty
Package: amsthm 2020/05/29 v2.20.6
\thm@style=\toks23
\thm@bodyfont=\toks24
\thm@headfont=\toks25
\thm@notefont=\toks26
\thm@headpunct=\toks27
\thm@preskip=\skip54
\thm@postskip=\skip55
\thm@headsep=\skip56
\dth@everypar=\toks28
)
(C:\Users\Owner\AppData\Local\Programs\MiKTeX\tex/latex/amsfonts\amssymb.sty
Package: amssymb 2013/01/14 v3.01 AMS font symbols

(C:\Users\Owner\AppData\Local\Programs\MiKTeX\tex/latex/amsfonts\amsfonts.sty
Package: amsfonts 2013/01/14 v3.01 Basic AMSFonts support
\symAMSa=\mathgroup4
\symAMSb=\mathgroup5
LaTeX Font Info:    Redeclaring math symbol \hbar on input line 98.
LaTeX Font Info:    Overwriting math alphabet `\mathfrak' in version `bold'
(Font)                  U/euf/m/n --> U/euf/b/n on input line 106.
)) (C:\Users\Owner\AppData\Local\Programs\MiKTeX\tex/generic/babel\babel.sty
Package: babel 2024/08/29 v24.9 The Babel package
\babel@savecnt=\count282
\U@D=\dimen153
\l@unhyphenated=\language79

(C:\Users\Owner\AppData\Local\Programs\MiKTeX\tex/generic/babel\txtbabel.def)
\bbl@readstream=\read2
\bbl@dirlevel=\count283

*************************************
* Local config file bblopts.cfg used
*
(C:\Users\Owner\AppData\Local\Programs\MiKTeX\tex/latex/arabi\bblopts.cfg
File: bblopts.cfg 2005/09/08 v0.1 add Arabic and Farsi to "declared" options of
 babel
)
(C:\Users\Owner\AppData\Local\Programs\MiKTeX\tex/latex/babel-english\english.l
df
Language: english 2017/06/06 v3.3r English support from the babel system
Package babel Info: Hyphen rules for 'canadian' set to \l@english
(babel)             (\language0). Reported on input line 102.
Package babel Info: Hyphen rules for 'australian' set to \l@ukenglish
(babel)             (\language73). Reported on input line 105.
Package babel Info: Hyphen rules for 'newzealand' set to \l@ukenglish
(babel)             (\language73). Reported on input line 108.
))
(C:\Users\Owner\AppData\Local\Programs\MiKTeX\tex/generic/babel/locale/en\babel
-english.tex
Package babel Info: Importing font and identification data for english
(babel)             from babel-en.ini. Reported on input line 11.
)
(C:\Users\Owner\AppData\Local\Programs\MiKTeX\tex/latex/derivative\derivative.s
ty
(C:\Users\Owner\AppData\Local\Programs\MiKTeX\tex/latex/l3packages/l3keys2e\l3k
eys2e.sty
Package: l3keys2e 2024-08-16 LaTeX2e option processing using LaTeX3 keys
)
Package: derivative 2024/02/08 v1.4 Nice and easy derivatives and differentials
 for LaTeX
\l__deriv_gcd_counter_int=\count284
\l__deriv_vmo_int=\count285
\l__deriv_var_count_int=\count286
\l__deriv_tmpa_int=\count287
\l__deriv_tmpb_int=\count288
\l__deriv_seq_pos_int=\count289
\l__deriv_sort_max_int=\count290
)
(C:\Users\Owner\AppData\Local\Programs\MiKTeX\tex/latex/bbold\bbold.sty
Package: bbold 1994/04/06 Bbold symbol package
LaTeX Font Info:    Redeclaring math alphabet \mathbb on input line 42.
)
(C:\Users\Owner\AppData\Local\Programs\MiKTeX\tex/latex/algorithms\algorithm.st
y
Package: algorithm 2009/08/24 v0.1 Document Style `algorithm' - floating enviro
nment
 (C:\Users\Owner\AppData\Local\Programs\MiKTeX\tex/latex/float\float.sty
Package: float 2001/11/08 v1.3d Float enhancements (AL)
\c@float@type=\count291
\float@exts=\toks29
\float@box=\box55
\@float@everytoks=\toks30
\@floatcapt=\box56
)
(C:\Users\Owner\AppData\Local\Programs\MiKTeX\tex/latex/base\ifthen.sty
Package: ifthen 2024/03/16 v1.1e Standard LaTeX ifthen package (DPC)
)
\@float@every@algorithm=\toks31
\c@algorithm=\count292
)
(C:\Users\Owner\AppData\Local\Programs\MiKTeX\tex/latex/algorithmicx\algpseudoc
ode.sty
Package: algpseudocode 

(C:\Users\Owner\AppData\Local\Programs\MiKTeX\tex/latex/algorithmicx\algorithmi
cx.sty
Package: algorithmicx 2005/04/27 v1.2 Algorithmicx

Document Style algorithmicx 1.2 - a greatly improved `algorithmic' style
\c@ALG@line=\count293
\c@ALG@rem=\count294
\c@ALG@nested=\count295
\ALG@tlm=\skip57
\ALG@thistlm=\skip58
\c@ALG@Lnr=\count296
\c@ALG@blocknr=\count297
\c@ALG@storecount=\count298
\c@ALG@tmpcounter=\count299
\ALG@tmplength=\skip59
)
Document Style - pseudocode environments for use with the `algorithmicx' style
) (C:\Users\Owner\AppData\Local\Programs\MiKTeX\tex/latex/epigraph\epigraph.sty
Package: epigraph 2020/01/02 v1.5e typesetting epigraphs
(C:\Users\Owner\AppData\Local\Programs\MiKTeX\tex/latex/nextpage\nextpage.sty
Package: nextpage 2009/09/03 v1.1a additional page commands
)
\beforeepigraphskip=\skip60
\afterepigraphskip=\skip61
\epigraphwidth=\skip62
\epigraphrule=\skip63
) (C:\Users\Owner\AppData\Local\Programs\MiKTeX\tex/latex/geometry\geometry.sty
Package: geometry 2020/01/02 v5.9 Page Geometry

(C:\Users\Owner\AppData\Local\Programs\MiKTeX\tex/generic/iftex\ifvtex.sty
Package: ifvtex 2019/10/25 v1.7 ifvtex legacy package. Use iftex instead.

(C:\Users\Owner\AppData\Local\Programs\MiKTeX\tex/generic/iftex\iftex.sty
Package: iftex 2022/02/03 v1.0f TeX engine tests
))
\Gm@cnth=\count300
\Gm@cntv=\count301
\c@Gm@tempcnt=\count302
\Gm@bindingoffset=\dimen154
\Gm@wd@mp=\dimen155
\Gm@odd@mp=\dimen156
\Gm@even@mp=\dimen157
\Gm@layoutwidth=\dimen158
\Gm@layoutheight=\dimen159
\Gm@layouthoffset=\dimen160
\Gm@layoutvoffset=\dimen161
\Gm@dimlist=\toks32

(C:\Users\Owner\AppData\Local\Programs\MiKTeX\tex/latex/geometry\geometry.cfg))
(C:\Users\Owner\AppData\Local\Programs\MiKTeX\tex/latex/csquotes\csquotes.sty
Package: csquotes 2024-04-04 v5.2o context-sensitive quotations (JAW)

(C:\Users\Owner\AppData\Local\Programs\MiKTeX\tex/latex/etoolbox\etoolbox.sty
Package: etoolbox 2020/10/05 v2.5k e-TeX tools for LaTeX (JAW)
\etb@tempcnta=\count303
)
\csq@reset=\count304
\csq@gtype=\count305
\csq@glevel=\count306
\csq@qlevel=\count307
\csq@maxlvl=\count308
\csq@tshold=\count309
\csq@ltx@everypar=\toks33

(C:\Users\Owner\AppData\Local\Programs\MiKTeX\tex/latex/csquotes\csquotes.def
File: csquotes.def 2024-04-04 v5.2o csquotes generic definitions (JAW)
)
Package csquotes Info: Trying to load configuration file 'csquotes.cfg'...
Package csquotes Info: ... configuration file loaded successfully.

(C:\Users\Owner\AppData\Local\Programs\MiKTeX\tex/latex/csquotes\csquotes.cfg
File: csquotes.cfg 
)) (C:\Users\Owner\AppData\Local\Programs\MiKTeX\tex/latex/tools\longtable.sty
Package: longtable 2024-04-26 v4.20 Multi-page Table package (DPC)
\LTleft=\skip64
\LTright=\skip65
\LTpre=\skip66
\LTpost=\skip67
\LTchunksize=\count310
\LTcapwidth=\dimen162
\LT@head=\box57
\LT@firsthead=\box58
\LT@foot=\box59
\LT@lastfoot=\box60
\LT@gbox=\box61
\LT@cols=\count311
\LT@rows=\count312
\c@LT@tables=\count313
\c@LT@chunks=\count314
\LT@p@ftn=\toks34
)
(C:\Users\Owner\AppData\Local\Programs\MiKTeX\tex/latex/tools\tabularx.sty
Package: tabularx 2023/12/11 v2.12a `tabularx' package (DPC)

(C:\Users\Owner\AppData\Local\Programs\MiKTeX\tex/latex/tools\array.sty
Package: array 2024/06/14 v2.6d Tabular extension package (FMi)
\col@sep=\dimen163
\ar@mcellbox=\box62
\extrarowheight=\dimen164
\NC@list=\toks35
\extratabsurround=\skip68
\backup@length=\skip69
\ar@cellbox=\box63
)
\TX@col@width=\dimen165
\TX@old@table=\dimen166
\TX@old@col=\dimen167
\TX@target=\dimen168
\TX@delta=\dimen169
\TX@cols=\count315
\TX@ftn=\toks36
)
(C:\Users\Owner\AppData\Local\Programs\MiKTeX\tex/latex/ltablex\ltablex.sty
Package: ltablex 2014/08/13 v1.1 Modified tabularx
)
(C:\Users\Owner\AppData\Local\Programs\MiKTeX\tex/latex/pdflscape\pdflscape.sty
Package: pdflscape 2022-10-27 v0.13 Display of landscape pages in PDF

(C:\Users\Owner\AppData\Local\Programs\MiKTeX\tex/latex/pdflscape\pdflscape-nom
etadata.sty
Package: pdflscape-nometadata 2022-10-28 v0.13 Display of landscape pages in PD
F (HO)

(C:\Users\Owner\AppData\Local\Programs\MiKTeX\tex/latex/graphics\lscape.sty
Package: lscape 2020/05/28 v3.02 Landscape Pages (DPC)
)
Package pdflscape Info: Auto-detected driver: pdftex on input line 81.
))
(C:\Users\Owner\AppData\Local\Programs\MiKTeX\tex/latex/hyperref\hyperref.sty
Package: hyperref 2024-07-10 v7.01j Hypertext links for LaTeX

(C:\Users\Owner\AppData\Local\Programs\MiKTeX\tex/latex/kvsetkeys\kvsetkeys.sty
Package: kvsetkeys 2022-10-05 v1.19 Key value parser (HO)
)
(C:\Users\Owner\AppData\Local\Programs\MiKTeX\tex/generic/kvdefinekeys\kvdefine
keys.sty
Package: kvdefinekeys 2019-12-19 v1.6 Define keys (HO)
)
(C:\Users\Owner\AppData\Local\Programs\MiKTeX\tex/generic/pdfescape\pdfescape.s
ty
Package: pdfescape 2019/12/09 v1.15 Implements pdfTeX's escape features (HO)

(C:\Users\Owner\AppData\Local\Programs\MiKTeX\tex/generic/ltxcmds\ltxcmds.sty
Package: ltxcmds 2023-12-04 v1.26 LaTeX kernel commands for general use (HO)
)
(C:\Users\Owner\AppData\Local\Programs\MiKTeX\tex/generic/pdftexcmds\pdftexcmds
.sty
Package: pdftexcmds 2020-06-27 v0.33 Utility functions of pdfTeX for LuaTeX (HO
)

(C:\Users\Owner\AppData\Local\Programs\MiKTeX\tex/generic/infwarerr\infwarerr.s
ty
Package: infwarerr 2019/12/03 v1.5 Providing info/warning/error messages (HO)
)
Package pdftexcmds Info: \pdf@primitive is available.
Package pdftexcmds Info: \pdf@ifprimitive is available.
Package pdftexcmds Info: \pdfdraftmode found.
))
(C:\Users\Owner\AppData\Local\Programs\MiKTeX\tex/latex/hycolor\hycolor.sty
Package: hycolor 2020-01-27 v1.10 Color options for hyperref/bookmark (HO)
)
(C:\Users\Owner\AppData\Local\Programs\MiKTeX\tex/latex/hyperref\nameref.sty
Package: nameref 2023-11-26 v2.56 Cross-referencing by name of section

(C:\Users\Owner\AppData\Local\Programs\MiKTeX\tex/latex/refcount\refcount.sty
Package: refcount 2019/12/15 v3.6 Data extraction from label references (HO)
)
(C:\Users\Owner\AppData\Local\Programs\MiKTeX\tex/generic/gettitlestring\gettit
lestring.sty
Package: gettitlestring 2019/12/15 v1.6 Cleanup title references (HO)

(C:\Users\Owner\AppData\Local\Programs\MiKTeX\tex/latex/kvoptions\kvoptions.sty
Package: kvoptions 2022-06-15 v3.15 Key value format for package options (HO)
))
\c@section@level=\count316
)
(C:\Users\Owner\AppData\Local\Programs\MiKTeX\tex/generic/stringenc\stringenc.s
ty
Package: stringenc 2019/11/29 v1.12 Convert strings between diff. encodings (HO
)
)
\@linkdim=\dimen170
\Hy@linkcounter=\count317
\Hy@pagecounter=\count318
 (C:\Users\Owner\AppData\Local\Programs\MiKTeX\tex/latex/hyperref\pd1enc.def
File: pd1enc.def 2024-07-10 v7.01j Hyperref: PDFDocEncoding definition (HO)
Now handling font encoding PD1 ...
... no UTF-8 mapping file for font encoding PD1
) (C:\Users\Owner\AppData\Local\Programs\MiKTeX\tex/generic/intcalc\intcalc.sty
Package: intcalc 2019/12/15 v1.3 Expandable calculations with integers (HO)
)
\Hy@SavedSpaceFactor=\count319
 (C:\Users\Owner\AppData\Local\Programs\MiKTeX\tex/latex/hyperref\puenc.def
File: puenc.def 2024-07-10 v7.01j Hyperref: PDF Unicode definition (HO)
Now handling font encoding PU ...
... no UTF-8 mapping file for font encoding PU
)
Package hyperref Info: Option `colorlinks' set `true' on input line 4040.
Package hyperref Info: Hyper figures OFF on input line 4157.
Package hyperref Info: Link nesting OFF on input line 4162.
Package hyperref Info: Hyper index ON on input line 4165.
Package hyperref Info: Plain pages OFF on input line 4172.
Package hyperref Info: Backreferencing OFF on input line 4177.
Package hyperref Info: Implicit mode ON; LaTeX internals redefined.
Package hyperref Info: Bookmarks ON on input line 4424.
\c@Hy@tempcnt=\count320

(C:\Users\Owner\AppData\Local\Programs\MiKTeX\tex/latex/url\url.sty
\Urlmuskip=\muskip18
Package: url 2013/09/16  ver 3.4  Verb mode for urls, etc.
)
LaTeX Info: Redefining \url on input line 4763.
\XeTeXLinkMargin=\dimen171

(C:\Users\Owner\AppData\Local\Programs\MiKTeX\tex/generic/bitset\bitset.sty
Package: bitset 2019/12/09 v1.3 Handle bit-vector datatype (HO)

(C:\Users\Owner\AppData\Local\Programs\MiKTeX\tex/generic/bigintcalc\bigintcalc
.sty
Package: bigintcalc 2019/12/15 v1.5 Expandable calculations on big integers (HO
)
))
\Fld@menulength=\count321
\Field@Width=\dimen172
\Fld@charsize=\dimen173
Package hyperref Info: Hyper figures OFF on input line 6042.
Package hyperref Info: Link nesting OFF on input line 6047.
Package hyperref Info: Hyper index ON on input line 6050.
Package hyperref Info: backreferencing OFF on input line 6057.
Package hyperref Info: Link coloring ON on input line 6060.
Package hyperref Info: Link coloring with OCG OFF on input line 6067.
Package hyperref Info: PDF/A mode OFF on input line 6072.

(C:\Users\Owner\AppData\Local\Programs\MiKTeX\tex/latex/base\atbegshi-ltx.sty
Package: atbegshi-ltx 2021/01/10 v1.0c Emulation of the original atbegshi
package with kernel methods
)
\Hy@abspage=\count322
\c@Item=\count323
\c@Hfootnote=\count324
)
Package hyperref Info: Driver (autodetected): hpdftex.
(C:\Users\Owner\AppData\Local\Programs\MiKTeX\tex/latex/hyperref\hpdftex.def
File: hpdftex.def 2024-07-10 v7.01j Hyperref driver for pdfTeX

(C:\Users\Owner\AppData\Local\Programs\MiKTeX\tex/latex/base\atveryend-ltx.sty
Package: atveryend-ltx 2020/08/19 v1.0a Emulation of the original atveryend pac
kage
with kernel methods
)
\Fld@listcount=\count325
\c@bookmark@seq@number=\count326

(C:\Users\Owner\AppData\Local\Programs\MiKTeX\tex/latex/rerunfilecheck\rerunfil
echeck.sty
Package: rerunfilecheck 2022-07-10 v1.10 Rerun checks for auxiliary files (HO)

(C:\Users\Owner\AppData\Local\Programs\MiKTeX\tex/generic/uniquecounter\uniquec
ounter.sty
Package: uniquecounter 2019/12/15 v1.4 Provide unlimited unique counter (HO)
)
Package uniquecounter Info: New unique counter `rerunfilecheck' on input line 2
85.
)
\Hy@SectionHShift=\skip70
)
(C:\Users\Owner\AppData\Local\Programs\MiKTeX\tex/latex/caption\subcaption.sty
Package: subcaption 2023/07/28 v1.6b Sub-captions (AR)

(C:\Users\Owner\AppData\Local\Programs\MiKTeX\tex/latex/caption\caption.sty
Package: caption 2023/08/05 v3.6o Customizing captions (AR)

(C:\Users\Owner\AppData\Local\Programs\MiKTeX\tex/latex/caption\caption3.sty
Package: caption3 2023/07/31 v2.4d caption3 kernel (AR)
\caption@tempdima=\dimen174
\captionmargin=\dimen175
\caption@leftmargin=\dimen176
\caption@rightmargin=\dimen177
\caption@width=\dimen178
\caption@indent=\dimen179
\caption@parindent=\dimen180
\caption@hangindent=\dimen181
Package caption Info: Standard document class detected.
)
\c@caption@flags=\count327
\c@continuedfloat=\count328
Package caption Info: float package is loaded.
Package caption Info: hyperref package is loaded.
Package caption Info: longtable package is loaded.

(C:\Users\Owner\AppData\Local\Programs\MiKTeX\tex/latex/caption\ltcaption.sty
Package: ltcaption 2021/01/08 v1.4c longtable captions (AR)
))
Package caption Info: New subtype `subfigure' on input line 238.
\c@subfigure=\count329
Package caption Info: New subtype `subtable' on input line 238.
\c@subtable=\count330
)
\c@definition=\count331
\c@theorem=\count332
\c@remark=\count333
\c@lemma=\count334
\c@corollary=\count335
 (C:\Users\Owner\AppData\Local\Programs\MiKTeX\tex/latex/nomencl\nomencl.sty
Package: nomencl 2021/11/10 v5.6 Nomenclature package

(C:\Users\Owner\AppData\Local\Programs\MiKTeX\tex/latex/xkeyval\xkeyval.sty
Package: xkeyval 2022/06/16 v2.9 package option processing (HA)

(C:\Users\Owner\AppData\Local\Programs\MiKTeX\tex/generic/xkeyval\xkeyval.tex
(C:\Users\Owner\AppData\Local\Programs\MiKTeX\tex/generic/xkeyval\xkvutils.tex
\XKV@toks=\toks37
\XKV@tempa@toks=\toks38
)
\XKV@depth=\count336
File: xkeyval.tex 2014/12/03 v2.7a key=value parser (HA)
))
(C:\Users\Owner\AppData\Local\Programs\MiKTeX\tex/latex/koma-script\tocbasic.st
y
Package: tocbasic 2024/10/24 v3.43 KOMA-Script package (handling toc-files)

(C:\Users\Owner\AppData\Local\Programs\MiKTeX\tex/latex/koma-script\scrbase.sty
Package: scrbase 2024/10/24 v3.43 KOMA-Script package (KOMA-Script-independent 
basics and keyval usage)

(C:\Users\Owner\AppData\Local\Programs\MiKTeX\tex/latex/koma-script\scrlfile.st
y
Package: scrlfile 2024/10/24 v3.43 KOMA-Script package (file load hooks)

(C:\Users\Owner\AppData\Local\Programs\MiKTeX\tex/latex/koma-script\scrlfile-ho
ok.sty
Package: scrlfile-hook 2024/10/24 v3.43 KOMA-Script package (using LaTeX hooks)


(C:\Users\Owner\AppData\Local\Programs\MiKTeX\tex/latex/koma-script\scrlogo.sty
Package: scrlogo 2024/10/24 v3.43 KOMA-Script package (logo)
)))
Applying: [2021/05/01] Usage of raw or classic option list on input line 254.
Already applied: [0000/00/00] Usage of raw or classic option list on input line
 370.
)
\scr@dte@tocline@numberwidth=\skip71
\scr@dte@tocline@numbox=\box64
)
Package tocbasic Info: setting babel extension for `nlo' on input line 187.
Package tocbasic Info: setting babel extension for `nls' on input line 188.
\nomlabelwidth=\dimen182
\nom@tempdim=\dimen183
\nomitemsep=\skip72
)
\@nomenclaturefile=\write3
\openout3 = `main.nlo'.

Package nomencl Info: Writing nomenclature file main.nlo on input line 45.

(C:\Users\Owner\AppData\Local\Programs\MiKTeX\tex/latex/biblatex\biblatex.sty
Package: biblatex 2024/03/21 v3.20 programmable bibliographies (PK/MW)

(C:\Users\Owner\AppData\Local\Programs\MiKTeX\tex/latex/logreq\logreq.sty
Package: logreq 2010/08/04 v1.0 xml request logger
\lrq@indent=\count337

(C:\Users\Owner\AppData\Local\Programs\MiKTeX\tex/latex/logreq\logreq.def
File: logreq.def 2010/08/04 v1.0 logreq spec v1.0
))
\c@tabx@nest=\count338
\c@listtotal=\count339
\c@listcount=\count340
\c@liststart=\count341
\c@liststop=\count342
\c@citecount=\count343
\c@citetotal=\count344
\c@multicitecount=\count345
\c@multicitetotal=\count346
\c@instcount=\count347
\c@maxnames=\count348
\c@minnames=\count349
\c@maxitems=\count350
\c@minitems=\count351
\c@citecounter=\count352
\c@maxcitecounter=\count353
\c@savedcitecounter=\count354
\c@uniquelist=\count355
\c@uniquename=\count356
\c@refsection=\count357
\c@refsegment=\count358
\c@maxextratitle=\count359
\c@maxextratitleyear=\count360
\c@maxextraname=\count361
\c@maxextradate=\count362
\c@maxextraalpha=\count363
\c@abbrvpenalty=\count364
\c@highnamepenalty=\count365
\c@lownamepenalty=\count366
\c@maxparens=\count367
\c@parenlevel=\count368
\blx@tempcnta=\count369
\blx@tempcntb=\count370
\blx@tempcntc=\count371
\c@blx@maxsection=\count372
\blx@maxsegment@0=\count373
\blx@notetype=\count374
\blx@parenlevel@text=\count375
\blx@parenlevel@foot=\count376
\blx@sectionciteorder@0=\count377
\blx@sectionciteorderinternal@0=\count378
\blx@entrysetcounter=\count379
\blx@biblioinstance=\count380
\labelnumberwidth=\skip73
\labelalphawidth=\skip74
\biblabelsep=\skip75
\bibitemsep=\skip76
\bibnamesep=\skip77
\bibinitsep=\skip78
\bibparsep=\skip79
\bibhang=\skip80
\blx@bcfin=\read3
\blx@bcfout=\write4
\blx@langwohyphens=\language80
\c@mincomprange=\count381
\c@maxcomprange=\count382
\c@mincompwidth=\count383
Package biblatex Info: Trying to load biblatex default data model...
Package biblatex Info: ... file 'blx-dm.def' found.

(C:\Users\Owner\AppData\Local\Programs\MiKTeX\tex/latex/biblatex\blx-dm.def
File: blx-dm.def 2024/03/21 v3.20 biblatex datamodel (PK/MW)
)
Package biblatex Info: Trying to load biblatex style data model...
Package biblatex Info: ... file 'nature.dbx' not found.
Package biblatex Info: Trying to load biblatex custom data model...
Package biblatex Info: ... file 'biblatex-dm.cfg' not found.
\c@afterword=\count384
\c@savedafterword=\count385
\c@annotator=\count386
\c@savedannotator=\count387
\c@author=\count388
\c@savedauthor=\count389
\c@bookauthor=\count390
\c@savedbookauthor=\count391
\c@commentator=\count392
\c@savedcommentator=\count393
\c@editor=\count394
\c@savededitor=\count395
\c@editora=\count396
\c@savededitora=\count397
\c@editorb=\count398
\c@savededitorb=\count399
\c@editorc=\count400
\c@savededitorc=\count401
\c@foreword=\count402
\c@savedforeword=\count403
\c@holder=\count404
\c@savedholder=\count405
\c@introduction=\count406
\c@savedintroduction=\count407
\c@namea=\count408
\c@savednamea=\count409
\c@nameb=\count410
\c@savednameb=\count411
\c@namec=\count412
\c@savednamec=\count413
\c@translator=\count414
\c@savedtranslator=\count415
\c@shortauthor=\count416
\c@savedshortauthor=\count417
\c@shorteditor=\count418
\c@savedshorteditor=\count419
\c@labelname=\count420
\c@savedlabelname=\count421
\c@institution=\count422
\c@savedinstitution=\count423
\c@lista=\count424
\c@savedlista=\count425
\c@listb=\count426
\c@savedlistb=\count427
\c@listc=\count428
\c@savedlistc=\count429
\c@listd=\count430
\c@savedlistd=\count431
\c@liste=\count432
\c@savedliste=\count433
\c@listf=\count434
\c@savedlistf=\count435
\c@location=\count436
\c@savedlocation=\count437
\c@organization=\count438
\c@savedorganization=\count439
\c@origlocation=\count440
\c@savedoriglocation=\count441
\c@origpublisher=\count442
\c@savedorigpublisher=\count443
\c@publisher=\count444
\c@savedpublisher=\count445
\c@language=\count446
\c@savedlanguage=\count447
\c@origlanguage=\count448
\c@savedoriglanguage=\count449
\c@pageref=\count450
\c@savedpageref=\count451
\shorthandwidth=\skip81
\shortjournalwidth=\skip82
\shortserieswidth=\skip83
\shorttitlewidth=\skip84
\shortauthorwidth=\skip85
\shorteditorwidth=\skip86
\locallabelnumberwidth=\skip87
\locallabelalphawidth=\skip88
\localshorthandwidth=\skip89
\localshortjournalwidth=\skip90
\localshortserieswidth=\skip91
\localshorttitlewidth=\skip92
\localshortauthorwidth=\skip93
\localshorteditorwidth=\skip94
Package biblatex Info: Trying to load compatibility code...
Package biblatex Info: ... file 'blx-compat.def' found.

(C:\Users\Owner\AppData\Local\Programs\MiKTeX\tex/latex/biblatex\blx-compat.def
File: blx-compat.def 2024/03/21 v3.20 biblatex compatibility (PK/MW)
)
Package biblatex Info: Trying to load generic definitions...
Package biblatex Info: ... file 'biblatex.def' found.
 (C:\Users\Owner\AppData\Local\Programs\MiKTeX\tex/latex/biblatex\biblatex.def
File: biblatex.def 2024/03/21 v3.20 biblatex compatibility (PK/MW)
\c@textcitecount=\count452
\c@textcitetotal=\count453
\c@textcitemaxnames=\count454
\c@biburlbigbreakpenalty=\count455
\c@biburlbreakpenalty=\count456
\c@biburlnumpenalty=\count457
\c@biburlucpenalty=\count458
\c@biburllcpenalty=\count459
\biburlbigskip=\muskip19
\biburlnumskip=\muskip20
\biburlucskip=\muskip21
\biburllcskip=\muskip22
\c@smartand=\count460
)
Package biblatex Info: Trying to load bibliography style 'nature'...
Package biblatex Info: ... file 'nature.bbx' found.

(C:\Users\Owner\AppData\Local\Programs\MiKTeX\tex/latex/biblatex-nature\nature.
bbx
File: nature.bbx 2020/12/30 v1.3d biblatex bibliography style
Package biblatex Info: Trying to load bibliography style 'numeric-comp'...
Package biblatex Info: ... file 'numeric-comp.bbx' found.

(C:\Users\Owner\AppData\Local\Programs\MiKTeX\tex/latex/biblatex/bbx\numeric-co
mp.bbx
File: numeric-comp.bbx 2024/03/21 v3.20 biblatex bibliography style (PK/MW)
Package biblatex Info: Trying to load bibliography style 'numeric'...
Package biblatex Info: ... file 'numeric.bbx' found.

(C:\Users\Owner\AppData\Local\Programs\MiKTeX\tex/latex/biblatex/bbx\numeric.bb
x
File: numeric.bbx 2024/03/21 v3.20 biblatex bibliography style (PK/MW)
Package biblatex Info: Trying to load bibliography style 'standard'...
Package biblatex Info: ... file 'standard.bbx' found.

(C:\Users\Owner\AppData\Local\Programs\MiKTeX\tex/latex/biblatex/bbx\standard.b
bx
File: standard.bbx 2024/03/21 v3.20 biblatex bibliography style (PK/MW)
\c@bbx:relatedcount=\count461
\c@bbx:relatedtotal=\count462
))))
Package biblatex Info: Trying to load citation style 'nature'...
Package biblatex Info: ... file 'nature.cbx' found.

(C:\Users\Owner\AppData\Local\Programs\MiKTeX\tex/latex/biblatex-nature\nature.
cbx
File: nature.cbx 2020/12/30 v1.3d biblatex citation style
Package biblatex Info: Trying to load citation style 'numeric-comp'...
Package biblatex Info: ... file 'numeric-comp.cbx' found.

(C:\Users\Owner\AppData\Local\Programs\MiKTeX\tex/latex/biblatex/cbx\numeric-co
mp.cbx
File: numeric-comp.cbx 2024/03/21 v3.20 biblatex citation style (PK/MW)
\c@cbx@tempcnta=\count463
\c@cbx@tempcntb=\count464
\c@cbx@tempcntc=\count465
\c@cbx@tempcntd=\count466
Package biblatex Info: Redefining '\cite'.
Package biblatex Info: Redefining '\parencite'.
Package biblatex Info: Redefining '\footcite'.
Package biblatex Info: Redefining '\footcitetext'.
Package biblatex Info: Redefining '\smartcite'.
Package biblatex Info: Redefining '\supercite'.
Package biblatex Info: Redefining '\textcite'.
Package biblatex Info: Redefining '\textcites'.
Package biblatex Info: Redefining '\cites'.
Package biblatex Info: Redefining '\parencites'.
Package biblatex Info: Redefining '\smartcites'.
))
Package biblatex Info: Trying to load configuration file...
Package biblatex Info: ... file 'biblatex.cfg' found.

(C:\Users\Owner\AppData\Local\Programs\MiKTeX\tex/latex/biblatex\biblatex.cfg
File: biblatex.cfg 
)
Package biblatex Info: Input encoding 'utf8' detected.
Package biblatex Info: Document encoding is UTF8 ....
Package biblatex Info: ... and expl3
(biblatex)             2024-08-30 L3 programming layer (loader) 
(biblatex)             is new enough (at least 2020/04/06),
(biblatex)             setting 'casechanger=expl3'.

(C:\Users\Owner\AppData\Local\Programs\MiKTeX\tex/latex/biblatex\blx-case-expl3
.sty
Package: blx-case-expl3 2024/03/21 v3.20 expl3 case changing code for biblatex
))
Package csquotes Info: Checking for multilingual support...
Package csquotes Info: ... found 'babel' package.
Package csquotes Info: Adjusting default style.
Package csquotes Info: Redefining alias 'default' -> 'english'.
 (main.aux)
\openout1 = `main.aux'.

LaTeX Font Info:    Checking defaults for OML/cmm/m/it on input line 55.
LaTeX Font Info:    ... okay on input line 55.
LaTeX Font Info:    Checking defaults for OMS/cmsy/m/n on input line 55.
LaTeX Font Info:    ... okay on input line 55.
LaTeX Font Info:    Checking defaults for OT1/cmr/m/n on input line 55.
LaTeX Font Info:    ... okay on input line 55.
LaTeX Font Info:    Checking defaults for T1/cmr/m/n on input line 55.
LaTeX Font Info:    ... okay on input line 55.
LaTeX Font Info:    Checking defaults for TS1/cmr/m/n on input line 55.
LaTeX Font Info:    ... okay on input line 55.
LaTeX Font Info:    Checking defaults for OMX/cmex/m/n on input line 55.
LaTeX Font Info:    ... okay on input line 55.
LaTeX Font Info:    Checking defaults for U/cmr/m/n on input line 55.
LaTeX Font Info:    ... okay on input line 55.
LaTeX Font Info:    Checking defaults for PD1/pdf/m/n on input line 55.
LaTeX Font Info:    ... okay on input line 55.
LaTeX Font Info:    Checking defaults for PU/pdf/m/n on input line 55.
LaTeX Font Info:    ... okay on input line 55.

(C:\Users\Owner\AppData\Local\Programs\MiKTeX\tex/context/base/mkii\supp-pdf.mk
ii
[Loading MPS to PDF converter (version 2006.09.02).]
\scratchcounter=\count467
\scratchdimen=\dimen184
\scratchbox=\box65
\nofMPsegments=\count468
\nofMParguments=\count469
\everyMPshowfont=\toks39
\MPscratchCnt=\count470
\MPscratchDim=\dimen185
\MPnumerator=\count471
\makeMPintoPDFobject=\count472
\everyMPtoPDFconversion=\toks40
)
(C:\Users\Owner\AppData\Local\Programs\MiKTeX\tex/latex/epstopdf-pkg\epstopdf-b
ase.sty
Package: epstopdf-base 2020-01-24 v2.11 Base part for package epstopdf
Package epstopdf-base Info: Redefining graphics rule for `.eps' on input line 4
85.

(C:\Users\Owner\AppData\Local\Programs\MiKTeX\tex/latex/00miktex\epstopdf-sys.c
fg
File: epstopdf-sys.cfg 2021/03/18 v2.0 Configuration of epstopdf for MiKTeX
))
*geometry* driver: auto-detecting
*geometry* detected driver: pdftex
*geometry* verbose mode - [ preamble ] result:
* driver: pdftex
* paper: a4paper
* layout: <same size as paper>
* layoutoffset:(h,v)=(0.0pt,0.0pt)
* modes: 
* h-part:(L,W,R)=(50.58878pt, 496.33032pt, 50.58878pt)
* v-part:(T,H,B)=(50.58878pt, 743.8693pt, 50.58878pt)
* \paperwidth=597.50787pt
* \paperheight=845.04684pt
* \textwidth=496.33032pt
* \textheight=743.8693pt
* \oddsidemargin=-21.68121pt
* \evensidemargin=-21.68121pt
* \topmargin=-58.68121pt
* \headheight=12.0pt
* \headsep=25.0pt
* \topskip=11.0pt
* \footskip=30.0pt
* \marginparwidth=50.0pt
* \marginparsep=10.0pt
* \columnsep=10.0pt
* \skip\footins=10.0pt plus 4.0pt minus 2.0pt
* \hoffset=0.0pt
* \voffset=0.0pt
* \mag=1000
* \@twocolumnfalse
* \@twosidefalse
* \@mparswitchfalse
* \@reversemarginfalse
* (1in=72.27pt=25.4mm, 1cm=28.453pt)

Package hyperref Info: Link coloring ON on input line 55.
(main.out) (main.out)
\@outlinefile=\write5
\openout5 = `main.out'.

Package caption Info: Begin \AtBeginDocument code.
Package caption Info: End \AtBeginDocument code.
Package biblatex Info: Trying to load language 'english'...
Package biblatex Info: ... file 'english.lbx' found.

(C:\Users\Owner\AppData\Local\Programs\MiKTeX\tex/latex/biblatex/lbx\english.lb
x
File: english.lbx 2024/03/21 v3.20 biblatex localization (PK/MW)
)
Package biblatex Info: Input encoding 'utf8' detected.
Package biblatex Info: Automatic encoding selection.
(biblatex)             Assuming data encoding 'utf8'.
\openout4 = `main.bcf'.

Package biblatex Info: Trying to load bibliographic data...
Package biblatex Info: ... file 'main.bbl' found.
 (main.bbl)
Package biblatex Info: Reference section=0 on input line 55.
Package biblatex Info: Reference segment=0 on input line 55.
<Pics/Logo1.png, id=298, 451.6875pt x 56.6115pt>
File: Pics/Logo1.png Graphic file (type png)
<use Pics/Logo1.png>
Package pdftex.def Info: Pics/Logo1.png  used on input line 79.
(pdftex.def)             Requested size: 426.79134pt x 53.49467pt.
LaTeX Font Info:    Trying to load font information for U+msa on input line 81.


(C:\Users\Owner\AppData\Local\Programs\MiKTeX\tex/latex/amsfonts\umsa.fd
File: umsa.fd 2013/01/14 v3.01 AMS symbols A
)
LaTeX Font Info:    Trying to load font information for U+msb on input line 81.


(C:\Users\Owner\AppData\Local\Programs\MiKTeX\tex/latex/amsfonts\umsb.fd
File: umsb.fd 2013/01/14 v3.01 AMS symbols B
)
<Pics/Logo2.png, id=300, 513.117pt x 52.998pt>
File: Pics/Logo2.png Graphic file (type png)
<use Pics/Logo2.png>
Package pdftex.def Info: Pics/Logo2.png  used on input line 93.
(pdftex.def)             Requested size: 426.79134pt x 44.08293pt.
<Pics/Logo3.png, id=301, 533.5935pt x 93.951pt>
File: Pics/Logo3.png Graphic file (type png)
<use Pics/Logo3.png>
Package pdftex.def Info: Pics/Logo3.png  used on input line 102.
(pdftex.def)             Requested size: 284.52756pt x 50.09914pt.
<Pics/logo_ab.pdf, id=302, 5280.93411pt x 1382.16376pt>
File: Pics/logo_ab.pdf Graphic file (type pdf)
<use Pics/logo_ab.pdf>
Package pdftex.def Info: Pics/logo_ab.pdf  used on input line 109.
(pdftex.def)             Requested size: 184.9429pt x 48.40176pt.


[1

{C:/Users/Owner/AppData/Local/MiKTeX/fonts/map/pdftex/pdftex.map} <./Pics/Logo1
.png> <./Pics/Logo2.png> <./Pics/Logo3.png> <./Pics/logo_ab.pdf>]
(chapters/Résumé.tex)

[2


]

[3


] (chapters/Acknowledgements.tex)

[4



] (main.toc

[5

])
\tf@toc=\write6
\openout6 = `main.toc'.



[6] (main.lot)
\tf@lot=\write7
\openout7 = `main.lot'.



[7

] (main.lof
Overfull \hbox (3.95338pt too wide) in paragraph at lines 22--22
 [][] [][][]\OT1/cmr/m/n/10.95 Cumulants and mo-ments for the pro-jec-tor $\OML
/cmm/m/it/10.95 S\OT1/cmr/m/n/10.95 [0\OML/cmm/m/it/10.95 :\OT1/cmr/m/n/10.95 5
] []$ with $\OML/cmm/m/it/10.95 S\OT1/cmr/m/n/10.95 [\OML/cmm/m/it/10.95 z\OT1/
cmr/m/n/10.95 ] \OMS/cmsy/m/n/10.95 ^^Q [][][]$ \OT1/cmr/m/n/10.95 [[][]61[][]]
 
 []


Overfull \hbox (0.56078pt too wide) in paragraph at lines 25--25
 \OT1/cmtt/m/n/10.95 cumulant method\OT1/cmr/m/n/10.95 , \OT1/cmtt/m/n/10.95 mi
n-cut \OT1/cmr/m/n/10.95 refers to the method \OT1/cmtt/m/n/10.95 Minimum cut \
OT1/cmr/m/n/10.95 and \OT1/cmtt/m/n/10.95 smart[]divide[]in[]half 
 []



[8

])
\tf@lof=\write8
\openout8 = `main.lof'.



[9]
No file main.nls.
(chapters/intro.tex)

[1


]
Chapter 1.
(chapters/bosonic_commutation.tex
LaTeX Font Info:    Trying to load font information for U+bbold on input line 3
5.

(C:\Users\Owner\AppData\Local\Programs\MiKTeX\tex/latex/bbold\ubbold.fd)

[2

]) (chapters/density_matrix.tex) (chapters/Schrodinger2Heisenberg_open.tex

[3]

[4]
Overfull \hbox (33.85062pt too wide) in alignment at lines 52--57
 [][][] []
 []



[5
pdfTeX warning (ext4): destination with the same identifier (name{equation.1.2.
13}) has been already used, duplicate ignored
<argument> ...shipout:D \box_use:N \l_shipout_box 
                                                  \__shipout_drop_firstpage_...
l.82     \end{eqnarray}
                       ]
Overfull \hbox (4.69366pt too wide) in paragraph at lines 109--110
\OT1/cmr/m/n/10.95 In the case of a time-independent Hamil-to-nian with-out jum
p op-er-a-tors (i.e. closed sys-tem), the Schr^^?odinger
 []



[6]) (chapters/Moments_Eqs.tex

[7]) (chapters/Khan.tex
<Pics/Cumu_Mom_Coherent.pdf, id=747, 569.4876pt x 341.1144pt>
File: Pics/Cumu_Mom_Coherent.pdf Graphic file (type pdf)
<use Pics/Cumu_Mom_Coherent.pdf>
Package pdftex.def Info: Pics/Cumu_Mom_Coherent.pdf  used on input line 5.
(pdftex.def)             Requested size: 446.69426pt x 267.56717pt.


LaTeX Warning: `!h' float specifier changed to `!ht'.


Overfull \hbox (17.82533pt too wide) in paragraph at lines 22--23
\OT1/cmr/m/n/10.95 ter-is-tic func-tion is as-so-ci-ated with the Wigner func-t
ion, $\OML/cmm/m/it/10.95 M[]\OT1/cmr/m/n/10.95 ([]\OML/cmm/m/it/10.95 ; []\OT1
/cmr/m/n/10.95 )$ is as-so-ci-ated with the Glauber{Sudarshan
 []



[8]

[9 <./Pics/Cumu_Mom_Coherent.pdf>]
LaTeX Font Info:    Font shape `OT1/cmtt/bx/n' in size <10.95> not available
(Font)              Font shape `OT1/cmtt/m/n' tried instead on input line 82.
)

[10]
Chapter 2.
(chapters/Heisenberg_Langevin_Eqs.tex

[11

]) (chapters/summary_meth_MF.tex
Package hyperref Info: bookmark level for unknown algorithm defaults to 0 on in
put line 20.


[12]
Overfull \hbox (5.77391pt too wide) in paragraph at lines 39--58
[]\OT1/cmr/m/n/10.95 More rig-or-ously, like in [][]sec-tion 2.2.1[][][], this 
is done by rep-re-sent-ing the mo-ment $[]$
 []


Overfull \hbox (43.42253pt too wide) in paragraph at lines 64--66
\OML/cmm/m/it/10.95 ^^U\OT1/cmr/m/n/10.95 [\OML/cmm/m/it/10.95 ^^X\OT1/cmr/m/n/
10.95 ] []$\OT1/cmr/m/it/10.95 , with $[]$ is an-other state ob-tained af-ter a
p-ply-ing $\OML/cmm/m/it/10.95 a$ \OT1/cmr/m/it/10.95 once on $[]$. Let $[] \OT
1/cmr/m/n/10.95 = [][] \OML/cmm/m/it/10.95 c[] [][] []$\OT1/cmr/m/it/10.95 .
 []



[13]
<Pics/PictureCatCM.pdf, id=870, 562.9833pt x 341.1144pt>
File: Pics/PictureCatCM.pdf Graphic file (type pdf)
<use Pics/PictureCatCM.pdf>
Package pdftex.def Info: Pics/PictureCatCM.pdf  used on input line 77.
(pdftex.def)             Requested size: 397.06577pt x 240.58456pt.
<Pics/PictureProj.pdf, id=873, 789.9111pt x 376.5267pt>
File: Pics/PictureProj.pdf Graphic file (type pdf)
<use Pics/PictureProj.pdf>
Package pdftex.def Info: Pics/PictureProj.pdf  used on input line 86.
(pdftex.def)             Requested size: 446.69426pt x 212.92183pt.
)
Overfull \hbox (16.31813pt too wide) in paragraph at lines 92--221
[]\OT1/cmr/m/n/10.95 To see this, let us con-sider the pro-jec-tor $[]$. We hav
e $\OML/cmm/m/it/10.95 M\OT1/cmr/m/n/10.95 (\OML/cmm/m/it/10.95 z; z[]\OT1/cmr/
m/n/10.95 ) = [][][] = [] =
 []



[14 <./Pics/PictureCatCM.pdf> <./Pics/PictureProj.pdf>]
(chapters/Stability_Analysis.tex

[15]
<Pics/H_0_and_losses_1_p_1_rule_trunc-cumul.pdf, id=903, 202.356pt x 197.2971pt
>
File: Pics/H_0_and_losses_1_p_1_rule_trunc-cumul.pdf Graphic file (type pdf)
<use Pics/H_0_and_losses_1_p_1_rule_trunc-cumul.pdf>
Package pdftex.def Info: Pics/H_0_and_losses_1_p_1_rule_trunc-cumul.pdf  used o
n input line 52.
(pdftex.def)             Requested size: 158.82933pt x 154.86652pt.
<Pics/H_0_and_losses_1_p_1_rule_min-cut.pdf, id=904, 202.356pt x 197.2971pt>
File: Pics/H_0_and_losses_1_p_1_rule_min-cut.pdf Graphic file (type pdf)
<use Pics/H_0_and_losses_1_p_1_rule_min-cut.pdf>
Package pdftex.def Info: Pics/H_0_and_losses_1_p_1_rule_min-cut.pdf  used on in
put line 59.
(pdftex.def)             Requested size: 158.82933pt x 154.86652pt.
<Pics/H_0_and_losses_1_p_1_rule_smart_divide_in_half.pdf, id=905, 202.356pt x 1
97.2971pt>
File: Pics/H_0_and_losses_1_p_1_rule_smart_divide_in_half.pdf Graphic file (typ
e pdf)
<use Pics/H_0_and_losses_1_p_1_rule_smart_divide_in_half.pdf>
Package pdftex.def Info: Pics/H_0_and_losses_1_p_1_rule_smart_divide_in_half.pd
f  used on input line 66.
(pdftex.def)             Requested size: 158.82933pt x 154.86652pt.
<Pics/H_0_and_losses_2_p_2_rule_trunc-cumul.pdf, id=906, 205.9695pt x 197.2971p
t>
File: Pics/H_0_and_losses_2_p_2_rule_trunc-cumul.pdf Graphic file (type pdf)
<use Pics/H_0_and_losses_2_p_2_rule_trunc-cumul.pdf>
Package pdftex.def Info: Pics/H_0_and_losses_2_p_2_rule_trunc-cumul.pdf  used o
n input line 78.
(pdftex.def)             Requested size: 158.82933pt x 152.13899pt.
<Pics/H_0_and_losses_2_p_2_rule_min-cut.pdf, id=907, 196.5744pt x 197.2971pt>
File: Pics/H_0_and_losses_2_p_2_rule_min-cut.pdf Graphic file (type pdf)
<use Pics/H_0_and_losses_2_p_2_rule_min-cut.pdf>
Package pdftex.def Info: Pics/H_0_and_losses_2_p_2_rule_min-cut.pdf  used on in
put line 85.
(pdftex.def)             Requested size: 158.82933pt x 159.42142pt.
<Pics/H_0_and_losses_2_p_2_rule_smart_divide_in_half.pdf, id=908, 196.5744pt x 
197.2971pt>
File: Pics/H_0_and_losses_2_p_2_rule_smart_divide_in_half.pdf Graphic file (typ
e pdf)
<use Pics/H_0_and_losses_2_p_2_rule_smart_divide_in_half.pdf>
Package pdftex.def Info: Pics/H_0_and_losses_2_p_2_rule_smart_divide_in_half.pd
f  used on input line 92.
(pdftex.def)             Requested size: 158.82933pt x 159.42142pt.
) (chapters/TEA.tex

[16 <./Pics/H_0_and_losses_1_p_1_rule_trunc-cumul.pdf> <./Pics/H_0_and_losses_1
_p_1_rule_min-cut.pdf> <./Pics/H_0_and_losses_1_p_1_rule_smart_divide_in_half.p
df> <./Pics/H_0_and_losses_2_p_2_rule_trunc-cumul.pdf> <./Pics/H_0_and_losses_2
_p_2_rule_min-cut.pdf> <./Pics/H_0_and_losses_2_p_2_rule_smart_divide_in_half.p
df>]
<Pics/Re_H_pathos.pdf, id=932, 383.031pt x 286.1892pt>
File: Pics/Re_H_pathos.pdf Graphic file (type pdf)
<use Pics/Re_H_pathos.pdf>
Package pdftex.def Info: Pics/Re_H_pathos.pdf  used on input line 22.
(pdftex.def)             Requested size: 243.20457pt x 181.71938pt.
<Pics/Im_H_pathos.pdf, id=933, 392.4261pt x 286.1892pt>
File: Pics/Im_H_pathos.pdf Graphic file (type pdf)
<use Pics/Im_H_pathos.pdf>
Package pdftex.def Info: Pics/Im_H_pathos.pdf  used on input line 29.
(pdftex.def)             Requested size: 243.20457pt x 177.36559pt.


[17 <./Pics/Re_H_pathos.pdf> <./Pics/Im_H_pathos.pdf>]
<Pics/Pade_68_0.pdf, id=955, 235.6002pt x 286.1892pt>
File: Pics/Pade_68_0.pdf Graphic file (type pdf)
<use Pics/Pade_68_0.pdf>
Package pdftex.def Info: Pics/Pade_68_0.pdf  used on input line 57.
(pdftex.def)             Requested size: 158.82933pt x 192.93791pt.
<Pics/Pade_34_34.pdf, id=956, 239.2137pt x 286.1892pt>
File: Pics/Pade_34_34.pdf Graphic file (type pdf)
<use Pics/Pade_34_34.pdf>
Package pdftex.def Info: Pics/Pade_34_34.pdf  used on input line 64.
(pdftex.def)             Requested size: 158.82933pt x 190.02519pt.
<Pics/Pade_17_17.pdf, id=957, 239.2137pt x 286.1892pt>
File: Pics/Pade_17_17.pdf Graphic file (type pdf)
<use Pics/Pade_17_17.pdf>
Package pdftex.def Info: Pics/Pade_17_17.pdf  used on input line 71.
(pdftex.def)             Requested size: 158.82933pt x 190.02519pt.
)
(chapters/performance.tex

[18 <./Pics/Pade_68_0.pdf> <./Pics/Pade_34_34.pdf> <./Pics/Pade_17_17.pdf>])

[19]
Chapter 3.

Underfull \hbox (badness 10000) in paragraph at lines 230--231

 []

(chapters/Summary-CC.tex) (chapters/Open-questions.tex)

[20

]
Overfull \hbox (15.76518pt too wide) in paragraph at lines 239--239
[]\OT1/cmr/m/n/10.95 Haroche, S. & Rai-mond, J.[]M. \OT1/cmr/m/it/10.95 Ex-plor
-ing the Quan-tum: Atoms, Cav-i-ties, And Pho-tons \OT1/cmr/m/sc/10.95 isbn\OT1
/cmr/m/n/10.95 : 0198509146
 []


Overfull \hbox (1.14673pt too wide) in paragraph at lines 239--239
[]\OT1/cmr/m/n/10.95 Hey, A. J. G. in \OT1/cmr/m/it/10.95 Feyn-man and com-pu-t
a-tion \OT1/cmr/m/n/10.95 1st ed., 133{153 (CRC Press, 2018). \OT1/cmr/m/sc/10.
95 isbn\OT1/cmr/m/n/10.95 : 9780429500459. 
 []



[21


]
Overfull \hbox (3.11224pt too wide) in paragraph at lines 239--239
[]\OT1/cmr/m/n/10.95 Wikipedia con-trib-u-tors. \OT1/cmr/m/it/10.95 Com-mu-ta-t
or --- Wikipedia, The Free En-cy-clo-pe-dia [][]$\OT1/cmtt/m/n/10.95 https : / 
/ en . wikipedia .
 []



[22]
Overfull \hbox (14.53383pt too wide) in paragraph at lines 239--239
\OT1/cmr/m/n/10.95 [On-line; ac-cessed 7-June-2024]. 2024. [][]$\OT1/cmtt/m/n/1
0.95 https : / / en . wikipedia . org / wiki / Wigner _ quasiprobability _
 []



[23]

[24]
Appendix A.
(chapters/Complexity.tex

[25


]) (chapters/bell_numb.tex
<Pics/Capture_Bell.PNG, id=1150, 474.27188pt x 289.83281pt>
File: Pics/Capture_Bell.PNG Graphic file (type png)
<use Pics/Capture_Bell.PNG>
Package pdftex.def Info: Pics/Capture_Bell.PNG  used on input line 25.
(pdftex.def)             Requested size: 297.80121pt x 181.99417pt.
)

[26 <./Pics/Capture_Bell.PNG>]
Appendix B.
(chapters/multi-heisenberg.tex

[27

]

[28]
<Pics/image-pascal.png, id=1197, 686.0832pt x 293.4162pt>
File: Pics/image-pascal.png Graphic file (type png)
<use Pics/image-pascal.png>
Package pdftex.def Info: Pics/image-pascal.png  used on input line 97.
(pdftex.def)             Requested size: 446.69426pt x 191.04062pt.
)

[29 <./Pics/image-pascal.png>]
Appendix C.
(chapters/Appendix_Deriv_Langevin.tex

[30

]

[31])

[32]
Appendix D.
(chapters/wigner_moments.tex

[33

]

[34]

[35]
Overfull \hbox (0.3446pt too wide) detected at line 129
[][][][]\OT1/cmr/m/n/10.95 [\OML/cmm/m/it/10.95 n\OT1/cmr/m/n/10.95 ] = [] [] =
 [] \OML/cmm/m/it/10.95 d[]P\OT1/cmr/m/n/10.95 (\OML/cmm/m/it/10.95 ; []\OT1
/cmr/m/n/10.95 ) [] [] = [] \OML/cmm/m/it/10.95 d[]P\OT1/cmr/m/n/10.95 (\OML/c
mm/m/it/10.95 ; []\OT1/cmr/m/n/10.95 )[]\OML/cmm/m/it/10.95 e[] \OT1/cmr/m/n/
10.95 = [] \OML/cmm/m/it/10.95 d[]P\OT1/cmr/m/n/10.95 (\OML/cmm/m/it/10.95 ; 
[]\OT1/cmr/m/n/10.95 )[]\OML/cmm/m/it/10.95 e[]
 []



[36
pdfTeX warning (ext4): destination with the same identifier (name{equation.D.2.
19}) has been already used, duplicate ignored
<argument> ...shipout:D \box_use:N \l_shipout_box 
                                                  \__shipout_drop_firstpage_...
l.164 \end{corollary}
                     ]
Overfull \hbox (7.24677pt too wide) detected at line 192
[][][][] []\OT1/cmr/m/n/10.95 (\OMS/cmsy/m/n/10.95 ^^@\OT1/cmr/m/n/10.95 1)[][]
 = [](\OMS/cmsy/m/n/10.95 ^^@\OT1/cmr/m/n/10.95 1)[][] = [] [](\OMS/cmsy/m/n/10
.95 ^^@\OT1/cmr/m/n/10.95 1)[][] = [](1 \OMS/cmsy/m/n/10.95 ^^@ \OT1/cmr/m/n/10
.95 1)[]
 []

)

[37]
Appendix E.
(chapters/analytical_exp.tex

[38

]
Overfull \hbox (18.67067pt too wide) in paragraph at lines 78--79
\OT1/cmr/m/n/10.95 We can use the ex-pres-sion $\OML/cmm/m/it/10.95 a\OT1/cmr/m
/n/10.95 (\OML/cmm/m/it/10.95 t\OT1/cmr/m/n/10.95 ) = \OML/cmm/m/it/10.95 e[]a\
OT1/cmr/m/n/10.95 (0)$ to find the time evo-lu-tion of the mo-ments $[] []$
 []



[39]
Overfull \hbox (18.00298pt too wide) in paragraph at lines 83--85
\OT1/cmr/m/n/10.95 with: $[] \OMS/cmsy/m/n/10.95 ^^Q \OML/cmm/m/it/10.95 e[] []
[] [] []$\OT1/cmr/m/n/10.95 . Thus, by in-duc-tion, we have: $\OML/cmm/m/it/10.
95 a[]\OT1/cmr/m/n/10.95 (\OML/cmm/m/it/10.95 t\OT1/cmr/m/n/10.95 ) [] = [] [] 
=
 []



[40])

[41]
Appendix F.
(chapters/Summ-All.tex

[42

]
Underfull \hbox (badness 10000) in paragraph at lines 9--10
[]|\OT1/cmr/bx/n/10.95 Analytical Ex-pres-
 []


Underfull \hbox (badness 10000) in paragraph at lines 13--13
[]|\OT1/cmr/m/n/10.95 Number of pho-tons
 []


Underfull \hbox (badness 5787) in paragraph at lines 13--13
\OT1/cmr/m/n/10.95 (cut-off in the Fock
 []


Underfull \hbox (badness 2111) in paragraph at lines 15--15
[]|\OT1/cmr/m/n/10.95 Very gen-eral if small
 []


Underfull \hbox (badness 1275) in paragraph at lines 15--15
\OT1/cmr/m/n/10.95 tems, works for open
 []


Underfull \hbox (badness 1072) in paragraph at lines 17--18
\OT1/cmr/m/n/10.95 lyt-i-cal ex-pres-sions nu-
 []


Underfull \hbox (badness 4621) in paragraph at lines 17--18
\OT1/cmr/m/n/10.95 value nu-mer-i-cally (in
 []


Underfull \hbox (badness 5077) in paragraph at lines 19--19
\OT1/cmr/m/n/10.95 de-scribe non-Gaussian
 []


Underfull \hbox (badness 5652) in paragraph at lines 19--19
[]|\OT1/cmr/m/n/10.95 Slow, needs to pre-
 []


Underfull \hbox (badness 10000) in paragraph at lines 19--19
\OT1/cmr/m/n/10.95 compute equa-tions
 []


Underfull \hbox (badness 10000) in paragraph at lines 19--19
\OT1/cmr/m/n/10.95 if ma-chine learn-ing
 []


Underfull \hbox (badness 1132) in paragraph at lines 19--19
\OT1/cmr/m/n/10.95 ap-pli-ca-tions. If non-
 []


Underfull \hbox (badness 10000) in paragraph at lines 19--19
\OT1/cmr/m/n/10.95 Gaussian in-ter-ac-tion,
 []


Underfull \hbox (badness 3557) in paragraph at lines 19--19
\OT1/cmr/m/n/10.95 in-sta-bil-ity. How to
 []


Underfull \hbox (badness 5077) in paragraph at lines 19--19
\OT1/cmr/m/n/10.95 de-scribe non-Gaussian
 []


Underfull \hbox (badness 1024) in paragraph at lines 19--19
[]|\OT1/cmr/m/n/10.95 Small im-prove-ment at
 []


Underfull \hbox (badness 10000) in paragraph at lines 19--19
\OT1/cmr/m/n/10.95 large time ex-pense.
 []


Underfull \hbox (badness 10000) in paragraph at lines 19--19
\OT1/cmr/m/n/10.95 Gives cor-re-la-tions
 []


Underfull \hbox (badness 10000) in paragraph at lines 19--19
\OT1/cmr/m/n/10.95 in-stead of mo-ments.
 []


Underfull \hbox (badness 1107) in paragraph at lines 19--20
[]|\OT1/cmr/m/n/10.95 Integrals and dif-fer-en-
 []


Underfull \hbox (badness 4013) in paragraph at lines 19--20
\OT1/cmr/m/n/10.95 tial of op-er-a-tors are
 []


Underfull \hbox (badness 6268) in paragraph at lines 19--20
\OT1/cmr/m/n/10.95 tricky. $(\OML/cmm/m/it/10.95 AB\OT1/cmr/m/n/10.95 )[] \OMS/
cmsy/m/n/10.95 6\OT1/cmr/m/n/10.95 =
 []


Underfull \hbox (badness 2564) in paragraph at lines 19--20
\OML/cmm/m/it/10.95 A[]B[]$ \OT1/cmr/m/n/10.95 for open sys-
 []



[43

]
Underfull \hbox (badness 10000) in paragraph at lines 34--35
[]|\OT1/cmr/bx/n/10.95 Analytical Ex-pres-
 []


Underfull \hbox (badness 7704) in paragraph at lines 36--36
[]|\OT1/cmr/bx/n/10.95 General de-scrip-
 []


Underfull \hbox (badness 2253) in paragraph at lines 36--36
[]|\OT1/cmr/m/n/10.95 Very sta-ble if cut-off
 []


Underfull \hbox (badness 1348) in paragraph at lines 36--36
\OT1/cmr/m/n/10.95 ing Pad^^Se ap-prox-i-mate
 []



[44


]
Overfull \hbox (6.06816pt too wide) in alignment at lines 57--61
 [] [] [] [] 
 []


Overfull \hbox (6.06816pt too wide) in alignment at lines 61--65
 [] [] [] [] 
 []


Overfull \hbox (6.06816pt too wide) in alignment at lines 65--68
 [] [] [] [] 
 []


Overfull \hbox (6.06816pt too wide) in alignment at lines 68--71
 [] [] [] [] 
 []

<Pics/Stab_1_trunc_cumul.pdf, id=1370, 185.0112pt x 194.4063pt>
File: Pics/Stab_1_trunc_cumul.pdf Graphic file (type pdf)
<use Pics/Stab_1_trunc_cumul.pdf>
Package pdftex.def Info: Pics/Stab_1_trunc_cumul.pdf  used on input line 76.
(pdftex.def)             Requested size: 199.16928pt x 209.29414pt.
<Pics/Stab_1_divide_in_half.pdf, id=1371, 185.0112pt x 194.4063pt>
File: Pics/Stab_1_divide_in_half.pdf Graphic file (type pdf)
<use Pics/Stab_1_divide_in_half.pdf>
Package pdftex.def Info: Pics/Stab_1_divide_in_half.pdf  used on input line 80.

(pdftex.def)             Requested size: 199.16928pt x 209.29414pt.
<Pics/Stab_1_min_cut.pdf, id=1372, 185.0112pt x 194.4063pt>
File: Pics/Stab_1_min_cut.pdf Graphic file (type pdf)
<use Pics/Stab_1_min_cut.pdf>
Package pdftex.def Info: Pics/Stab_1_min_cut.pdf  used on input line 84.
(pdftex.def)             Requested size: 199.16928pt x 209.29414pt.
<Pics/Stab_1_trunc_cumul_p=2.pdf, id=1373, 185.0112pt x 194.4063pt>
File: Pics/Stab_1_trunc_cumul_p=2.pdf Graphic file (type pdf)
<use Pics/Stab_1_trunc_cumul_p=2.pdf>
Package pdftex.def Info: Pics/Stab_1_trunc_cumul_p=2.pdf  used on input line 90
.
(pdftex.def)             Requested size: 199.16928pt x 209.29414pt.
<Pics/Stab_1_divide_in_half_p=2.pdf, id=1374, 185.0112pt x 194.4063pt>
File: Pics/Stab_1_divide_in_half_p=2.pdf Graphic file (type pdf)
<use Pics/Stab_1_divide_in_half_p=2.pdf>
Package pdftex.def Info: Pics/Stab_1_divide_in_half_p=2.pdf  used on input line
 94.
(pdftex.def)             Requested size: 199.16928pt x 209.29414pt.
<Pics/Stab_1_min_cut_p=2.pdf, id=1375, 185.0112pt x 194.4063pt>
File: Pics/Stab_1_min_cut_p=2.pdf Graphic file (type pdf)
<use Pics/Stab_1_min_cut_p=2.pdf>
Package pdftex.def Info: Pics/Stab_1_min_cut_p=2.pdf  used on input line 98.
(pdftex.def)             Requested size: 199.16928pt x 209.29414pt.
<Pics/Stab_2_trunc_cumul.pdf, id=1376, 192.2382pt x 194.4063pt>
File: Pics/Stab_2_trunc_cumul.pdf Graphic file (type pdf)
<use Pics/Stab_2_trunc_cumul.pdf>
Package pdftex.def Info: Pics/Stab_2_trunc_cumul.pdf  used on input line 105.
(pdftex.def)             Requested size: 199.16928pt x 201.41837pt.
<Pics/Stab_2_divide_in_half.pdf, id=1377, 192.2382pt x 194.4063pt>
File: Pics/Stab_2_divide_in_half.pdf Graphic file (type pdf)
<use Pics/Stab_2_divide_in_half.pdf>
Package pdftex.def Info: Pics/Stab_2_divide_in_half.pdf  used on input line 109
.
(pdftex.def)             Requested size: 199.16928pt x 201.41837pt.
<Pics/Stab_2_min_cut.pdf, id=1378, 192.2382pt x 194.4063pt>
File: Pics/Stab_2_min_cut.pdf Graphic file (type pdf)
<use Pics/Stab_2_min_cut.pdf>
Package pdftex.def Info: Pics/Stab_2_min_cut.pdf  used on input line 113.
(pdftex.def)             Requested size: 199.16928pt x 201.41837pt.
<Pics/Stab_2_trunc_cumul_p=3.pdf, id=1379, 192.2382pt x 194.4063pt>
File: Pics/Stab_2_trunc_cumul_p=3.pdf Graphic file (type pdf)
<use Pics/Stab_2_trunc_cumul_p=3.pdf>
Package pdftex.def Info: Pics/Stab_2_trunc_cumul_p=3.pdf  used on input line 11
9.
(pdftex.def)             Requested size: 199.16928pt x 201.41837pt.
<Pics/Stab_2_divide_in_half_p=3.pdf, id=1380, 192.2382pt x 194.4063pt>
File: Pics/Stab_2_divide_in_half_p=3.pdf Graphic file (type pdf)
<use Pics/Stab_2_divide_in_half_p=3.pdf>
Package pdftex.def Info: Pics/Stab_2_divide_in_half_p=3.pdf  used on input line
 123.
(pdftex.def)             Requested size: 199.16928pt x 201.41837pt.
<Pics/Stab_2_min_cut_p=3.pdf, id=1381, 192.2382pt x 194.4063pt>
File: Pics/Stab_2_min_cut_p=3.pdf Graphic file (type pdf)
<use Pics/Stab_2_min_cut_p=3.pdf>
Package pdftex.def Info: Pics/Stab_2_min_cut_p=3.pdf  used on input line 127.
(pdftex.def)             Requested size: 199.16928pt x 201.41837pt.
<Pics/Stab_2_trunc_cumul_p=4.pdf, id=1382, 192.2382pt x 194.4063pt>
File: Pics/Stab_2_trunc_cumul_p=4.pdf Graphic file (type pdf)
<use Pics/Stab_2_trunc_cumul_p=4.pdf>
Package pdftex.def Info: Pics/Stab_2_trunc_cumul_p=4.pdf  used on input line 13
3.
(pdftex.def)             Requested size: 199.16928pt x 201.41837pt.
<Pics/Stab_2_divide_in_half_p=4.pdf, id=1383, 192.2382pt x 194.4063pt>
File: Pics/Stab_2_divide_in_half_p=4.pdf Graphic file (type pdf)
<use Pics/Stab_2_divide_in_half_p=4.pdf>
Package pdftex.def Info: Pics/Stab_2_divide_in_half_p=4.pdf  used on input line
 137.
(pdftex.def)             Requested size: 199.16928pt x 201.41837pt.
<Pics/Stab_2_min_cut_p=4.pdf, id=1384, 192.2382pt x 194.4063pt>
File: Pics/Stab_2_min_cut_p=4.pdf Graphic file (type pdf)
<use Pics/Stab_2_min_cut_p=4.pdf>
Package pdftex.def Info: Pics/Stab_2_min_cut_p=4.pdf  used on input line 141.
(pdftex.def)             Requested size: 199.16928pt x 201.41837pt.
<Pics/Stab_2_trunc_cumul_p=5.pdf, id=1385, 192.2382pt x 194.4063pt>
File: Pics/Stab_2_trunc_cumul_p=5.pdf Graphic file (type pdf)
<use Pics/Stab_2_trunc_cumul_p=5.pdf>
Package pdftex.def Info: Pics/Stab_2_trunc_cumul_p=5.pdf  used on input line 14
7.
(pdftex.def)             Requested size: 199.16928pt x 201.41837pt.
<Pics/Stab_2_divide_in_half_p=5.pdf, id=1386, 192.2382pt x 194.4063pt>
File: Pics/Stab_2_divide_in_half_p=5.pdf Graphic file (type pdf)
<use Pics/Stab_2_divide_in_half_p=5.pdf>
Package pdftex.def Info: Pics/Stab_2_divide_in_half_p=5.pdf  used on input line
 151.
(pdftex.def)             Requested size: 199.16928pt x 201.41837pt.
<Pics/Stab_2_min_cut_p=5.pdf, id=1387, 192.2382pt x 194.4063pt>
File: Pics/Stab_2_min_cut_p=5.pdf Graphic file (type pdf)
<use Pics/Stab_2_min_cut_p=5.pdf>
Package pdftex.def Info: Pics/Stab_2_min_cut_p=5.pdf  used on input line 155.
(pdftex.def)             Requested size: 199.16928pt x 201.41837pt.
<Pics/Stab_AB_trunc_cumul_p=2.pdf, id=1388, 192.2382pt x 194.4063pt>
File: Pics/Stab_AB_trunc_cumul_p=2.pdf Graphic file (type pdf)
<use Pics/Stab_AB_trunc_cumul_p=2.pdf>
Package pdftex.def Info: Pics/Stab_AB_trunc_cumul_p=2.pdf  used on input line 1
62.
(pdftex.def)             Requested size: 199.16928pt x 201.41837pt.
<Pics/Stab_AB_divide_in_half_p=2.pdf, id=1389, 192.2382pt x 194.4063pt>
File: Pics/Stab_AB_divide_in_half_p=2.pdf Graphic file (type pdf)
<use Pics/Stab_AB_divide_in_half_p=2.pdf>
Package pdftex.def Info: Pics/Stab_AB_divide_in_half_p=2.pdf  used on input lin
e 166.
(pdftex.def)             Requested size: 199.16928pt x 201.41837pt.
<Pics/Stab_AB_min_cut_p=2.pdf, id=1390, 192.2382pt x 194.4063pt>
File: Pics/Stab_AB_min_cut_p=2.pdf Graphic file (type pdf)
<use Pics/Stab_AB_min_cut_p=2.pdf>
Package pdftex.def Info: Pics/Stab_AB_min_cut_p=2.pdf  used on input line 170.
(pdftex.def)             Requested size: 199.16928pt x 201.41837pt.
<Pics/Stab_AB_trunc_cumul_p=3.pdf, id=1391, 192.2382pt x 194.4063pt>
File: Pics/Stab_AB_trunc_cumul_p=3.pdf Graphic file (type pdf)
<use Pics/Stab_AB_trunc_cumul_p=3.pdf>
Package pdftex.def Info: Pics/Stab_AB_trunc_cumul_p=3.pdf  used on input line 1
76.
(pdftex.def)             Requested size: 199.16928pt x 201.41837pt.
<Pics/Stab_AB_divide_in_half_p=3.pdf, id=1392, 192.2382pt x 194.4063pt>
File: Pics/Stab_AB_divide_in_half_p=3.pdf Graphic file (type pdf)
<use Pics/Stab_AB_divide_in_half_p=3.pdf>
Package pdftex.def Info: Pics/Stab_AB_divide_in_half_p=3.pdf  used on input lin
e 180.
(pdftex.def)             Requested size: 199.16928pt x 201.41837pt.
<Pics/Stab_AB_min_cut_p=3.pdf, id=1393, 192.2382pt x 194.4063pt>
File: Pics/Stab_AB_min_cut_p=3.pdf Graphic file (type pdf)
<use Pics/Stab_AB_min_cut_p=3.pdf>
Package pdftex.def Info: Pics/Stab_AB_min_cut_p=3.pdf  used on input line 184.
(pdftex.def)             Requested size: 199.16928pt x 201.41837pt.
<Pics/Stab_AB_trunc_cumul_p=4.pdf, id=1394, 192.2382pt x 194.4063pt>
File: Pics/Stab_AB_trunc_cumul_p=4.pdf Graphic file (type pdf)
<use Pics/Stab_AB_trunc_cumul_p=4.pdf>
Package pdftex.def Info: Pics/Stab_AB_trunc_cumul_p=4.pdf  used on input line 1
90.
(pdftex.def)             Requested size: 199.16928pt x 201.41837pt.
<Pics/Stab_AB_divide_in_half_p=4.pdf, id=1395, 192.2382pt x 194.4063pt>
File: Pics/Stab_AB_divide_in_half_p=4.pdf Graphic file (type pdf)
<use Pics/Stab_AB_divide_in_half_p=4.pdf>
Package pdftex.def Info: Pics/Stab_AB_divide_in_half_p=4.pdf  used on input lin
e 194.
(pdftex.def)             Requested size: 199.16928pt x 201.41837pt.
<Pics/Stab_AB_min_cut_p=4.pdf, id=1396, 192.2382pt x 194.4063pt>
File: Pics/Stab_AB_min_cut_p=4.pdf Graphic file (type pdf)
<use Pics/Stab_AB_min_cut_p=4.pdf>
Package pdftex.def Info: Pics/Stab_AB_min_cut_p=4.pdf  used on input line 198.
(pdftex.def)             Requested size: 199.16928pt x 201.41837pt.
<Pics/Stab_AB_trunc_cumul_p=5.pdf, id=1397, 192.2382pt x 194.4063pt>
File: Pics/Stab_AB_trunc_cumul_p=5.pdf Graphic file (type pdf)
<use Pics/Stab_AB_trunc_cumul_p=5.pdf>
Package pdftex.def Info: Pics/Stab_AB_trunc_cumul_p=5.pdf  used on input line 2
04.
(pdftex.def)             Requested size: 199.16928pt x 201.41837pt.
<Pics/Stab_AB_divide_in_half_p=5.pdf, id=1398, 192.2382pt x 194.4063pt>
File: Pics/Stab_AB_divide_in_half_p=5.pdf Graphic file (type pdf)
<use Pics/Stab_AB_divide_in_half_p=5.pdf>
Package pdftex.def Info: Pics/Stab_AB_divide_in_half_p=5.pdf  used on input lin
e 208.
(pdftex.def)             Requested size: 199.16928pt x 201.41837pt.
<Pics/Stab_AB_min_cut_p=5.pdf, id=1399, 192.2382pt x 194.4063pt>
File: Pics/Stab_AB_min_cut_p=5.pdf Graphic file (type pdf)
<use Pics/Stab_AB_min_cut_p=5.pdf>
Package pdftex.def Info: Pics/Stab_AB_min_cut_p=5.pdf  used on input line 212.
(pdftex.def)             Requested size: 199.16928pt x 201.41837pt.
<Pics/Stab_Kerr1_trunc_cumul_p=2.pdf, id=1400, 202.356pt x 194.4063pt>
File: Pics/Stab_Kerr1_trunc_cumul_p=2.pdf Graphic file (type pdf)
<use Pics/Stab_Kerr1_trunc_cumul_p=2.pdf>
Package pdftex.def Info: Pics/Stab_Kerr1_trunc_cumul_p=2.pdf  used on input lin
e 219.
(pdftex.def)             Requested size: 199.16928pt x 191.35338pt.
<Pics/Stab_Kerr1_divide_in_half_p=2.pdf, id=1401, 202.356pt x 194.4063pt>
File: Pics/Stab_Kerr1_divide_in_half_p=2.pdf Graphic file (type pdf)
<use Pics/Stab_Kerr1_divide_in_half_p=2.pdf>
Package pdftex.def Info: Pics/Stab_Kerr1_divide_in_half_p=2.pdf  used on input 
line 223.
(pdftex.def)             Requested size: 199.16928pt x 191.35338pt.
<Pics/Stab_Kerr1_min_cut_p=2.pdf, id=1402, 202.356pt x 194.4063pt>
File: Pics/Stab_Kerr1_min_cut_p=2.pdf Graphic file (type pdf)
<use Pics/Stab_Kerr1_min_cut_p=2.pdf>
Package pdftex.def Info: Pics/Stab_Kerr1_min_cut_p=2.pdf  used on input line 22
7.
(pdftex.def)             Requested size: 199.16928pt x 191.35338pt.
<Pics/Stab_Kerr1_trunc_cumul_p=3.pdf, id=1403, 202.356pt x 194.4063pt>
File: Pics/Stab_Kerr1_trunc_cumul_p=3.pdf Graphic file (type pdf)
<use Pics/Stab_Kerr1_trunc_cumul_p=3.pdf>
Package pdftex.def Info: Pics/Stab_Kerr1_trunc_cumul_p=3.pdf  used on input lin
e 233.
(pdftex.def)             Requested size: 199.16928pt x 191.35338pt.
<Pics/Stab_Kerr1_divide_in_half_p=3.pdf, id=1404, 202.356pt x 194.4063pt>
File: Pics/Stab_Kerr1_divide_in_half_p=3.pdf Graphic file (type pdf)
<use Pics/Stab_Kerr1_divide_in_half_p=3.pdf>
Package pdftex.def Info: Pics/Stab_Kerr1_divide_in_half_p=3.pdf  used on input 
line 237.
(pdftex.def)             Requested size: 199.16928pt x 191.35338pt.
<Pics/Stab_Kerr1_min_cut_p=3.pdf, id=1405, 202.356pt x 194.4063pt>
File: Pics/Stab_Kerr1_min_cut_p=3.pdf Graphic file (type pdf)
<use Pics/Stab_Kerr1_min_cut_p=3.pdf>
Package pdftex.def Info: Pics/Stab_Kerr1_min_cut_p=3.pdf  used on input line 24
1.
(pdftex.def)             Requested size: 199.16928pt x 191.35338pt.
<Pics/Stab_Kerr1_trunc_cumul_p=4.pdf, id=1406, 202.356pt x 194.4063pt>
File: Pics/Stab_Kerr1_trunc_cumul_p=4.pdf Graphic file (type pdf)
<use Pics/Stab_Kerr1_trunc_cumul_p=4.pdf>
Package pdftex.def Info: Pics/Stab_Kerr1_trunc_cumul_p=4.pdf  used on input lin
e 247.
(pdftex.def)             Requested size: 199.16928pt x 191.35338pt.
<Pics/Stab_Kerr1_divide_in_half_p=4.pdf, id=1407, 202.356pt x 194.4063pt>
File: Pics/Stab_Kerr1_divide_in_half_p=4.pdf Graphic file (type pdf)
<use Pics/Stab_Kerr1_divide_in_half_p=4.pdf>
Package pdftex.def Info: Pics/Stab_Kerr1_divide_in_half_p=4.pdf  used on input 
line 251.
(pdftex.def)             Requested size: 199.16928pt x 191.35338pt.
<Pics/Stab_Kerr1_min_cut_p=4.pdf, id=1408, 202.356pt x 194.4063pt>
File: Pics/Stab_Kerr1_min_cut_p=4.pdf Graphic file (type pdf)
<use Pics/Stab_Kerr1_min_cut_p=4.pdf>
Package pdftex.def Info: Pics/Stab_Kerr1_min_cut_p=4.pdf  used on input line 25
5.
(pdftex.def)             Requested size: 199.16928pt x 191.35338pt.
<Pics/Stab_Kerr1_trunc_cumul_p=5.pdf, id=1409, 202.356pt x 194.4063pt>
File: Pics/Stab_Kerr1_trunc_cumul_p=5.pdf Graphic file (type pdf)
<use Pics/Stab_Kerr1_trunc_cumul_p=5.pdf>
Package pdftex.def Info: Pics/Stab_Kerr1_trunc_cumul_p=5.pdf  used on input lin
e 261.
(pdftex.def)             Requested size: 199.16928pt x 191.35338pt.
<Pics/Stab_Kerr1_divide_in_half_p=5.pdf, id=1410, 202.356pt x 194.4063pt>
File: Pics/Stab_Kerr1_divide_in_half_p=5.pdf Graphic file (type pdf)
<use Pics/Stab_Kerr1_divide_in_half_p=5.pdf>
Package pdftex.def Info: Pics/Stab_Kerr1_divide_in_half_p=5.pdf  used on input 
line 265.
(pdftex.def)             Requested size: 199.16928pt x 191.35338pt.
<Pics/Stab_Kerr1_min_cut_p=5.pdf, id=1411, 202.356pt x 194.4063pt>
File: Pics/Stab_Kerr1_min_cut_p=5.pdf Graphic file (type pdf)
<use Pics/Stab_Kerr1_min_cut_p=5.pdf>
Package pdftex.def Info: Pics/Stab_Kerr1_min_cut_p=5.pdf  used on input line 26
9.
(pdftex.def)             Requested size: 199.16928pt x 191.35338pt.
<Pics/Stab_Kerr1_divide_in_half_p=6.pdf, id=1412, 202.356pt x 194.4063pt>
File: Pics/Stab_Kerr1_divide_in_half_p=6.pdf Graphic file (type pdf)
<use Pics/Stab_Kerr1_divide_in_half_p=6.pdf>
Package pdftex.def Info: Pics/Stab_Kerr1_divide_in_half_p=6.pdf  used on input 
line 276.
(pdftex.def)             Requested size: 199.16928pt x 191.35338pt.
<Pics/Stab_Kerr1_min_cut_p=6.pdf, id=1413, 202.356pt x 194.4063pt>
File: Pics/Stab_Kerr1_min_cut_p=6.pdf Graphic file (type pdf)
<use Pics/Stab_Kerr1_min_cut_p=6.pdf>
Package pdftex.def Info: Pics/Stab_Kerr1_min_cut_p=6.pdf  used on input line 28
0.
(pdftex.def)             Requested size: 199.16928pt x 191.35338pt.

Overfull \hbox (6.06816pt too wide) in alignment at lines 71--285
 [] [] [] [] 
 []

[45


 <./Pics/Stab_1_trunc_cumul.pdf> <./Pics/Stab_1_divide_in_half.pdf> <./Pics/Sta
b_1_min_cut.pdf> <./Pics/Stab_1_trunc_cumul_p=2.pdf> <./Pics/Stab_1_divide_in_h
alf_p=2.pdf> <./Pics/Stab_1_min_cut_p=2.pdf>] [46 <./Pics/Stab_2_trunc_cumul.pd
f> <./Pics/Stab_2_divide_in_half.pdf> <./Pics/Stab_2_min_cut.pdf> <./Pics/Stab_
2_trunc_cumul_p=3.pdf> <./Pics/Stab_2_divide_in_half_p=3.pdf> <./Pics/Stab_2_mi
n_cut_p=3.pdf>] [47 <./Pics/Stab_2_trunc_cumul_p=4.pdf> <./Pics/Stab_2_divide_i
n_half_p=4.pdf> <./Pics/Stab_2_min_cut_p=4.pdf> <./Pics/Stab_2_trunc_cumul_p=5.
pdf> <./Pics/Stab_2_divide_in_half_p=5.pdf> <./Pics/Stab_2_min_cut_p=5.pdf>] [4
8 <./Pics/Stab_AB_trunc_cumul_p=2.pdf> <./Pics/Stab_AB_divide_in_half_p=2.pdf> 
<./Pics/Stab_AB_min_cut_p=2.pdf> <./Pics/Stab_AB_trunc_cumul_p=3.pdf> <./Pics/S
tab_AB_divide_in_half_p=3.pdf> <./Pics/Stab_AB_min_cut_p=3.pdf>] [49 <./Pics/St
ab_AB_trunc_cumul_p=4.pdf> <./Pics/Stab_AB_divide_in_half_p=4.pdf> <./Pics/Stab
_AB_min_cut_p=4.pdf> <./Pics/Stab_AB_trunc_cumul_p=5.pdf> <./Pics/Stab_AB_divid
e_in_half_p=5.pdf> <./Pics/Stab_AB_min_cut_p=5.pdf>] [50 <./Pics/Stab_Kerr1_tru
nc_cumul_p=2.pdf> <./Pics/Stab_Kerr1_divide_in_half_p=2.pdf> <./Pics/Stab_Kerr1
_min_cut_p=2.pdf> <./Pics/Stab_Kerr1_trunc_cumul_p=3.pdf> <./Pics/Stab_Kerr1_di
vide_in_half_p=3.pdf> <./Pics/Stab_Kerr1_min_cut_p=3.pdf>] [51 <./Pics/Stab_Ker
r1_trunc_cumul_p=4.pdf> <./Pics/Stab_Kerr1_divide_in_half_p=4.pdf> <./Pics/Stab
_Kerr1_min_cut_p=4.pdf> <./Pics/Stab_Kerr1_trunc_cumul_p=5.pdf> <./Pics/Stab_Ke
rr1_divide_in_half_p=5.pdf> <./Pics/Stab_Kerr1_min_cut_p=5.pdf>]

[52 <./Pics/Stab_Kerr1_divide_in_half_p=6.pdf> <./Pics/Stab_Kerr1_min_cut_p=6.p
df>])
Appendix G.
(chapters/numerical-res.tex
<Pics/comp_a_dag_a__vs_n.pdf, id=1506, 443.7378pt x 287.6346pt>
File: Pics/comp_a_dag_a__vs_n.pdf Graphic file (type pdf)
<use Pics/comp_a_dag_a__vs_n.pdf>
Package pdftex.def Info: Pics/comp_a_dag_a__vs_n.pdf  used on input line 20.
(pdftex.def)             Requested size: 446.69426pt x 289.56062pt.


LaTeX Warning: `!h' float specifier changed to `!ht'.

<Pics/PictureSqueeze.pdf, id=1511, 569.4876pt x 385.1991pt>
File: Pics/PictureSqueeze.pdf Graphic file (type pdf)
<use Pics/PictureSqueeze.pdf>
Package pdftex.def Info: Pics/PictureSqueeze.pdf  used on input line 30.
(pdftex.def)             Requested size: 446.69426pt x 302.14685pt.

LaTeX Warning: `!h' float specifier changed to `!ht'.

<Pics/H_0_and_losses_deph_p_2_rule_trunc-cumul.pdf, id=1516, 202.356pt x 197.29
71pt>
File: Pics/H_0_and_losses_deph_p_2_rule_trunc-cumul.pdf Graphic file (type pdf)

<use Pics/H_0_and_losses_deph_p_2_rule_trunc-cumul.pdf>
Package pdftex.def Info: Pics/H_0_and_losses_deph_p_2_rule_trunc-cumul.pdf  use
d on input line 41.
(pdftex.def)             Requested size: 158.82933pt x 154.86652pt.
<Pics/H_0_and_losses_deph_p_2_rule_min-cut.pdf, id=1517, 202.356pt x 197.2971pt
>
File: Pics/H_0_and_losses_deph_p_2_rule_min-cut.pdf Graphic file (type pdf)
<use Pics/H_0_and_losses_deph_p_2_rule_min-cut.pdf>
Package pdftex.def Info: Pics/H_0_and_losses_deph_p_2_rule_min-cut.pdf  used on
 input line 48.
(pdftex.def)             Requested size: 158.82933pt x 154.86652pt.
<Pics/H_0_and_losses_deph_p_2_rule_smart_divide_in_half.pdf, id=1518, 202.356pt
 x 197.2971pt>
File: Pics/H_0_and_losses_deph_p_2_rule_smart_divide_in_half.pdf Graphic file (
type pdf)
<use Pics/H_0_and_losses_deph_p_2_rule_smart_divide_in_half.pdf>
Package pdftex.def Info: Pics/H_0_and_losses_deph_p_2_rule_smart_divide_in_half
.pdf  used on input line 55.
(pdftex.def)             Requested size: 158.82933pt x 154.86652pt.

LaTeX Warning: `!h' float specifier changed to `!ht'.

<Pics/H_Self_Kerr_and_losses_1_p_3_rule_trunc-cumul.pdf, id=1519, 192.2382pt x 
197.2971pt>
File: Pics/H_Self_Kerr_and_losses_1_p_3_rule_trunc-cumul.pdf Graphic file (type
 pdf)
<use Pics/H_Self_Kerr_and_losses_1_p_3_rule_trunc-cumul.pdf>
Package pdftex.def Info: Pics/H_Self_Kerr_and_losses_1_p_3_rule_trunc-cumul.pdf
  used on input line 68.
(pdftex.def)             Requested size: 158.82933pt x 163.00993pt.
<Pics/H_Self_Kerr_and_losses_1_p_3_rule_min-cut.pdf, id=1520, 192.2382pt x 197.
2971pt>
File: Pics/H_Self_Kerr_and_losses_1_p_3_rule_min-cut.pdf Graphic file (type pdf
)
<use Pics/H_Self_Kerr_and_losses_1_p_3_rule_min-cut.pdf>
Package pdftex.def Info: Pics/H_Self_Kerr_and_losses_1_p_3_rule_min-cut.pdf  us
ed on input line 75.
(pdftex.def)             Requested size: 158.82933pt x 163.00993pt.
<Pics/H_Self_Kerr_and_losses_1_p_3_rule_smart_divide_in_half.pdf, id=1521, 192.
2382pt x 197.2971pt>
File: Pics/H_Self_Kerr_and_losses_1_p_3_rule_smart_divide_in_half.pdf Graphic f
ile (type pdf)
<use Pics/H_Self_Kerr_and_losses_1_p_3_rule_smart_divide_in_half.pdf>
Package pdftex.def Info: Pics/H_Self_Kerr_and_losses_1_p_3_rule_smart_divide_in
_half.pdf  used on input line 82.
(pdftex.def)             Requested size: 158.82933pt x 163.00993pt.

LaTeX Warning: `!h' float specifier changed to `!ht'.

<Pics/H_Neg_Self_Kerr_and_losses_1_p_3_rule_trunc-cumul.pdf, id=1522, 192.2382p
t x 197.2971pt>
File: Pics/H_Neg_Self_Kerr_and_losses_1_p_3_rule_trunc-cumul.pdf Graphic file (
type pdf)
<use Pics/H_Neg_Self_Kerr_and_losses_1_p_3_rule_trunc-cumul.pdf>
Package pdftex.def Info: Pics/H_Neg_Self_Kerr_and_losses_1_p_3_rule_trunc-cumul
.pdf  used on input line 94.
(pdftex.def)             Requested size: 158.82933pt x 163.00993pt.
<Pics/H_Neg_Self_Kerr_and_losses_1_p_3_rule_min-cut.pdf, id=1523, 192.2382pt x 
197.2971pt>
File: Pics/H_Neg_Self_Kerr_and_losses_1_p_3_rule_min-cut.pdf Graphic file (type
 pdf)
<use Pics/H_Neg_Self_Kerr_and_losses_1_p_3_rule_min-cut.pdf>
Package pdftex.def Info: Pics/H_Neg_Self_Kerr_and_losses_1_p_3_rule_min-cut.pdf
  used on input line 101.
(pdftex.def)             Requested size: 158.82933pt x 163.00993pt.
<Pics/H_Neg_Self_Kerr_and_losses_1_p_3_rule_smart_divide_in_half.pdf, id=1524, 
192.2382pt x 197.2971pt>
File: Pics/H_Neg_Self_Kerr_and_losses_1_p_3_rule_smart_divide_in_half.pdf Graph
ic file (type pdf)
<use Pics/H_Neg_Self_Kerr_and_losses_1_p_3_rule_smart_divide_in_half.pdf>
Package pdftex.def Info: Pics/H_Neg_Self_Kerr_and_losses_1_p_3_rule_smart_divid
e_in_half.pdf  used on input line 108.
(pdftex.def)             Requested size: 158.82933pt x 163.00993pt.

LaTeX Warning: `!h' float specifier changed to `!ht'.

<Pics/Eg_H_Kerr_1Loss.pdf, id=1525, 468.3096pt x 265.9536pt>
File: Pics/Eg_H_Kerr_1Loss.pdf Graphic file (type pdf)
<use Pics/Eg_H_Kerr_1Loss.pdf>
Package pdftex.def Info: Pics/Eg_H_Kerr_1Loss.pdf  used on input line 119.
(pdftex.def)             Requested size: 446.69426pt x 253.6893pt.

LaTeX Warning: `!h' float specifier changed to `!ht'.

<Pics/Eg_H_Kerr_1Loss_stqble.pdf, id=1528, 461.0826pt x 265.9536pt>
File: Pics/Eg_H_Kerr_1Loss_stqble.pdf Graphic file (type pdf)
<use Pics/Eg_H_Kerr_1Loss_stqble.pdf>
Package pdftex.def Info: Pics/Eg_H_Kerr_1Loss_stqble.pdf  used on input line 12
8.
(pdftex.def)             Requested size: 446.69426pt x 257.6622pt.

LaTeX Warning: `!h' float specifier changed to `!ht'.

<Pics/Eg_H_CrossKerr_1Loss.pdf, id=1531, 450.9648pt x 265.9536pt>
File: Pics/Eg_H_CrossKerr_1Loss.pdf Graphic file (type pdf)
<use Pics/Eg_H_CrossKerr_1Loss.pdf>
Package pdftex.def Info: Pics/Eg_H_CrossKerr_1Loss.pdf  used on input line 137.

(pdftex.def)             Requested size: 446.69426pt x 263.44908pt.

LaTeX Warning: `!h' float specifier changed to `!ht'.

<Pics/Eg_H_CrossKerr_1Loss_stable.pdf, id=1534, 461.0826pt x 265.9536pt>
File: Pics/Eg_H_CrossKerr_1Loss_stable.pdf Graphic file (type pdf)
<use Pics/Eg_H_CrossKerr_1Loss_stable.pdf>
Package pdftex.def Info: Pics/Eg_H_CrossKerr_1Loss_stable.pdf  used on input li
ne 146.
(pdftex.def)             Requested size: 446.69426pt x 257.6622pt.

LaTeX Warning: `!h' float specifier changed to `!ht'.

<Pics/Eg_H_CrossKerr_Lossless_Compare_Min_Half.pdf, id=1537, 473.3685pt x 264.5
082pt>
File: Pics/Eg_H_CrossKerr_Lossless_Compare_Min_Half.pdf Graphic file (type pdf)

<use Pics/Eg_H_CrossKerr_Lossless_Compare_Min_Half.pdf>
Package pdftex.def Info: Pics/Eg_H_CrossKerr_Lossless_Compare_Min_Half.pdf  use
d on input line 155.
(pdftex.def)             Requested size: 446.69426pt x 249.61446pt.

LaTeX Warning: `!h' float specifier changed to `!ht'.

<Pics/Eg_stab_AdagA4p10.pdf, id=1540, 452.4102pt x 265.9536pt>
File: Pics/Eg_stab_AdagA4p10.pdf Graphic file (type pdf)
<use Pics/Eg_stab_AdagA4p10.pdf>
Package pdftex.def Info: Pics/Eg_stab_AdagA4p10.pdf  used on input line 163.
(pdftex.def)             Requested size: 446.69426pt x 262.5928pt.


[53


]

LaTeX Warning: Text page 54 contains only floats.



[54 <./Pics/comp_a_dag_a__vs_n.pdf> <./Pics/PictureSqueeze.pdf>]

LaTeX Warning: `!h' float specifier changed to `!ht'.

<Pics/X-gate.pdf, id=1554, 450.9648pt x 270.2898pt>
File: Pics/X-gate.pdf Graphic file (type pdf)
<use Pics/X-gate.pdf>
Package pdftex.def Info: Pics/X-gate.pdf  used on input line 172.
(pdftex.def)             Requested size: 446.69426pt x 267.74445pt.

LaTeX Warning: `!h' float specifier changed to `!ht'.

)

[55 <./Pics/H_0_and_losses_deph_p_2_rule_trunc-cumul.pdf> <./Pics/H_0_and_losse
s_deph_p_2_rule_min-cut.pdf> <./Pics/H_0_and_losses_deph_p_2_rule_smart_divide_
in_half.pdf> <./Pics/H_Self_Kerr_and_losses_1_p_3_rule_trunc-cumul.pdf> <./Pics
/H_Self_Kerr_and_losses_1_p_3_rule_min-cut.pdf> <./Pics/H_Self_Kerr_and_losses_
1_p_3_rule_smart_divide_in_half.pdf>]

[56 <./Pics/H_Neg_Self_Kerr_and_losses_1_p_3_rule_trunc-cumul.pdf> <./Pics/H_Ne
g_Self_Kerr_and_losses_1_p_3_rule_min-cut.pdf> <./Pics/H_Neg_Self_Kerr_and_loss
es_1_p_3_rule_smart_divide_in_half.pdf> <./Pics/Eg_H_Kerr_1Loss.pdf>]

[57 <./Pics/Eg_H_Kerr_1Loss_stqble.pdf> <./Pics/Eg_H_CrossKerr_1Loss.pdf>]

[58 <./Pics/Eg_H_CrossKerr_1Loss_stable.pdf> <./Pics/Eg_H_CrossKerr_Lossless_Co
mpare_Min_Half.pdf>]

[59 <./Pics/Eg_stab_AdagA4p10.pdf> <./Pics/X-gate.pdf>]
Appendix H.
(chapters/miscellaneous.tex

[60

]

[61]
Overfull \hbox (43.42253pt too wide) in paragraph at lines 125--127
\OML/cmm/m/it/10.95 ^^U\OT1/cmr/m/n/10.95 [\OML/cmm/m/it/10.95 ^^X\OT1/cmr/m/n/
10.95 ] []$\OT1/cmr/m/it/10.95 , with $[]$ is an-other state ob-tained af-ter a
p-ply-ing $\OML/cmm/m/it/10.95 a$ \OT1/cmr/m/it/10.95 once on $[]$. Let $[] \OT
1/cmr/m/n/10.95 = [][] \OML/cmm/m/it/10.95 c[] [][] []$\OT1/cmr/m/it/10.95 .
 []



[62]
Overfull \hbox (16.31357pt too wide) in alignment at lines 155--158
 [][][] []
 []


Overfull \hbox (15.07396pt too wide) in paragraph at lines 178--179
\OT1/cmr/m/it/10.95 then we can di-ag-o-nal-ize the den-sity ma-trix and write 
$\OML/cmm/m/it/10.95 ^^Z \OT1/cmr/m/n/10.95 = [][] \OML/cmm/m/it/10.95 p[] [] [
]$ \OT1/cmr/m/it/10.95 where $[] \OT1/cmr/m/n/10.95 = [][] \OML/cmm/m/it/10.95 
p[][] []$\OT1/cmr/m/it/10.95 .
 []



[63
pdfTeX warning (ext4): destination with the same identifier (name{equation.H.5.
15}) has been already used, duplicate ignored
<argument> ...shipout:D \box_use:N \l_shipout_box 
                                                  \__shipout_drop_firstpage_...
l.201     \end{equation}
                        
pdfTeX warning (ext4): destination with the same identifier (name{equation.H.5.
16}) has been already used, duplicate ignored
<argument> ...shipout:D \box_use:N \l_shipout_box 
                                                  \__shipout_drop_firstpage_...
l.201     \end{equation}
                        ]
Overfull \hbox (46.52338pt too wide) in paragraph at lines 266--267
[]\OT1/cmr/m/n/10.95 Equipped with this re-sult, we can es-ti-mate the com-plex
-ity of com-put-ing $[][] [] = []$.
 []



[64])

[65]
Appendix I.

Package hyperref Warning: Token not allowed in a PDF string (Unicode):
(hyperref)                removing `\@ifnextchar' on input line 270.


Package hyperref Warning: Token not allowed in a PDF string (Unicode):
(hyperref)                removing `\@ifnextchar' on input line 270.

(chapters/appendix-squeeze.tex

[66

]

[67])

[68] (main.aux)
 ***********
LaTeX2e <2024-06-01> patch level 2
L3 programming layer <2024-08-30>
 ***********
Package rerunfilecheck Info: File `main.out' has not changed.
(rerunfilecheck)             Checksum: EA8D7C610D5F24CF482A4D569A0CC9DD;14376.
Package logreq Info: Writing requests to 'main.run.xml'.
\openout1 = `main.run.xml'.

 ) 
Here is how much of TeX's memory you used:
 28101 strings out of 473899
 558361 string characters out of 5726500
 1442754 words of memory out of 5000000
 50021 multiletter control sequences out of 15000+600000
 573061 words of font info for 95 fonts, out of 8000000 for 9000
 1141 hyphenation exceptions out of 8191
 110i,14n,107p,1654b,3150s stack positions out of 10000i,1000n,20000p,200000b,200000s
 <C:\Users\Owner\AppData\Local\MiKTeX\fonts/pk/ljfour/public/bbold/dpi657\bbo
ld10.pk><C:/Users/Owner/AppData/Local/Programs/MiKTeX/fonts/type1/public/amsfon
ts/cm/cmbx10.pfb><C:/Users/Owner/AppData/Local/Programs/MiKTeX/fonts/type1/publ
ic/amsfonts/cm/cmbx12.pfb><C:/Users/Owner/AppData/Local/Programs/MiKTeX/fonts/t
ype1/public/amsfonts/cm/cmbxti10.pfb><C:/Users/Owner/AppData/Local/Programs/MiK
TeX/fonts/type1/public/amsfonts/cm/cmcsc10.pfb><C:/Users/Owner/AppData/Local/Pr
ograms/MiKTeX/fonts/type1/public/amsfonts/cm/cmex10.pfb><C:/Users/Owner/AppData
/Local/Programs/MiKTeX/fonts/type1/public/amsfonts/cmextra/cmex8.pfb><C:/Users/
Owner/AppData/Local/Programs/MiKTeX/fonts/type1/public/amsfonts/cm/cmitt10.pfb>
<C:/Users/Owner/AppData/Local/Programs/MiKTeX/fonts/type1/public/amsfonts/cm/cm
mi10.pfb><C:/Users/Owner/AppData/Local/Programs/MiKTeX/fonts/type1/public/amsfo
nts/cm/cmmi6.pfb><C:/Users/Owner/AppData/Local/Programs/MiKTeX/fonts/type1/publ
ic/amsfonts/cm/cmmi8.pfb><C:/Users/Owner/AppData/Local/Programs/MiKTeX/fonts/ty
pe1/public/amsfonts/cm/cmr10.pfb><C:/Users/Owner/AppData/Local/Programs/MiKTeX/
fonts/type1/public/amsfonts/cm/cmr12.pfb><C:/Users/Owner/AppData/Local/Programs
/MiKTeX/fonts/type1/public/amsfonts/cm/cmr17.pfb><C:/Users/Owner/AppData/Local/
Programs/MiKTeX/fonts/type1/public/amsfonts/cm/cmr6.pfb><C:/Users/Owner/AppData
/Local/Programs/MiKTeX/fonts/type1/public/amsfonts/cm/cmr8.pfb><C:/Users/Owner/
AppData/Local/Programs/MiKTeX/fonts/type1/public/amsfonts/cm/cmsy10.pfb><C:/Use
rs/Owner/AppData/Local/Programs/MiKTeX/fonts/type1/public/amsfonts/cm/cmsy6.pfb
><C:/Users/Owner/AppData/Local/Programs/MiKTeX/fonts/type1/public/amsfonts/cm/c
msy8.pfb><C:/Users/Owner/AppData/Local/Programs/MiKTeX/fonts/type1/public/amsfo
nts/cm/cmti10.pfb><C:/Users/Owner/AppData/Local/Programs/MiKTeX/fonts/type1/pub
lic/amsfonts/cm/cmti8.pfb><C:/Users/Owner/AppData/Local/Programs/MiKTeX/fonts/t
ype1/public/amsfonts/cm/cmtt10.pfb><C:/Users/Owner/AppData/Local/Programs/MiKTe
X/fonts/type1/public/amsfonts/symbols/msbm10.pfb><C:/Users/Owner/AppData/Local/
Programs/MiKTeX/fonts/type1/public/amsfonts/symbols/msbm7.pfb>
Output written on main.pdf (77 pages, 1832198 bytes).
PDF statistics:
 1952 PDF objects out of 2073 (max. 8388607)
 530 named destinations out of 1000 (max. 500000)
 1003 words of extra memory for PDF output out of 10000 (max. 10000000)

