\BOOKMARK [0][-]{figure.caption.4}{\376\377\000R\000\351\000s\000u\000m\000\351\000\040\000/\000\040\000A\000b\000s\000t\000r\000a\000c\000t}{}% 1
\BOOKMARK [0][-]{section*.6}{\376\377\000D\000e\000d\000i\000c\000a\000t\000i\000o\000n}{}% 2
\BOOKMARK [0][-]{chapter*.7}{\376\377\000A\000c\000k\000n\000o\000w\000l\000e\000d\000g\000e\000m\000e\000n\000t\000s}{}% 3
\BOOKMARK [0][-]{chapter*.12}{\376\377\000I\000n\000t\000r\000o\000d\000u\000c\000t\000i\000o\000n}{}% 4
\BOOKMARK [0][-]{chapter.1}{\376\377\000G\000e\000n\000e\000r\000a\000l\000i\000t\000i\000e\000s\000\040\000a\000n\000d\000\040\000R\000e\000v\000i\000e\000w\000\040\000o\000f\000\040\000t\000h\000e\000\040\000L\000i\000t\000e\000r\000a\000t\000u\000r\000e}{}% 5
\BOOKMARK [1][-]{section.1.1}{\376\377\000B\000o\000s\000o\000n\000i\000c\000\040\000C\000o\000m\000m\000u\000t\000a\000t\000i\000o\000n\000\040\000R\000e\000l\000a\000t\000i\000o\000n\000s}{chapter.1}% 6
\BOOKMARK [2][-]{subsection.1.1.1}{\376\377\000M\000o\000t\000i\000v\000a\000t\000i\000o\000n}{section.1.1}% 7
\BOOKMARK [2][-]{subsection.1.1.2}{\376\377\000P\000r\000o\000p\000e\000r\000t\000i\000e\000s}{section.1.1}% 8
\BOOKMARK [1][-]{section.1.2}{\376\377\000Q\000u\000a\000n\000t\000u\000m\000\040\000D\000y\000n\000a\000m\000i\000c\000s}{chapter.1}% 9
\BOOKMARK [2][-]{subsection.1.2.1}{\376\377\000S\000c\000h\000r\000\366\000d\000i\000n\000g\000e\000r\000\040\000R\000e\000p\000r\000e\000s\000e\000n\000t\000a\000t\000i\000o\000n\000\040\000-\000\040\000D\000e\000n\000s\000i\000t\000y\000\040\000M\000a\000t\000r\000i\000x}{section.1.2}% 10
\BOOKMARK [2][-]{subsection.1.2.2}{\376\377\000H\000e\000i\000s\000e\000n\000b\000e\000r\000g\000\040\000R\000e\000p\000r\000e\000s\000e\000n\000t\000a\000t\000i\000o\000n}{section.1.2}% 11
\BOOKMARK [2][-]{subsection.1.2.3}{\376\377\000M\000e\000a\000n\000\040\000F\000i\000e\000l\000d\000\040\000M\000e\000t\000h\000o\000d\000s\000\040\000\050\000M\000F\000\051}{section.1.2}% 12
\BOOKMARK [0][-]{chapter.2}{\376\377\000S\000o\000l\000v\000i\000n\000g\000\040\000N\000o\000n\000-\000Q\000u\000a\000d\000r\000a\000t\000i\000c\000\040\000H\000a\000m\000i\000l\000t\000o\000n\000i\000a\000n\000s}{}% 13
\BOOKMARK [1][-]{section.2.1}{\376\377\000G\000e\000n\000e\000r\000a\000l\000\040\000F\000o\000r\000m\000\040\000o\000f\000\040\000Q\000u\000a\000n\000t\000u\000m\000\040\000L\000a\000n\000g\000e\000v\000i\000n\000\040\000E\000q\000u\000a\000t\000i\000o\000n}{chapter.2}% 14
\BOOKMARK [2][-]{subsection.2.1.1}{\376\377\000S\000a\000n\000i\000t\000y\000\040\000C\000h\000e\000c\000k\000:\000\040\000A\000d\000d\000i\000n\000g\000\040\000J\000u\000m\000p\000\040\000O\000p\000e\000r\000a\000t\000o\000r\000s}{section.2.1}% 15
\BOOKMARK [1][-]{section.2.2}{\376\377\000M\000e\000a\000n\000\040\000F\000i\000e\000l\000d\000\040\000\050\000M\000F\000\051\000\040\000M\000e\000t\000h\000o\000d\000s}{chapter.2}% 16
\BOOKMARK [2][-]{subsection.2.2.1}{\376\377\000S\000u\000m\000m\000a\000r\000y\000\040\000o\000f\000\040\000O\000t\000h\000e\000r\000\040\000M\000e\000t\000h\000o\000d\000s}{section.2.2}% 17
\BOOKMARK [2][-]{subsection.2.2.2}{\376\377\000S\000t\000a\000b\000i\000l\000i\000t\000y\000\040\000A\000n\000a\000l\000y\000s\000i\000s}{section.2.2}% 18
\BOOKMARK [2][-]{subsection.2.2.3}{\376\377\000N\000u\000m\000e\000r\000i\000c\000a\000l\000\040\000T\000e\000s\000t\000s}{section.2.2}% 19
\BOOKMARK [1][-]{section.2.3}{\376\377\000T\000i\000m\000e\000\040\000E\000v\000o\000l\000u\000t\000i\000o\000n\000\040\000A\000p\000p\000r\000o\000x\000i\000m\000a\000t\000i\000o\000n\000\040\000\050\000T\000E\000A\000\051}{chapter.2}% 20
\BOOKMARK [1][-]{section.2.4}{\376\377\000C\000o\000m\000p\000l\000e\000x\000i\000t\000y\000\040\000o\000f\000\040\000t\000h\000e\000\040\000M\000e\000t\000h\000o\000d\000s}{chapter.2}% 21
\BOOKMARK [2][-]{subsection.2.4.1}{\376\377\000D\000e\000n\000s\000i\000t\000y\000\040\000M\000a\000t\000r\000i\000x\000\040\000M\000e\000t\000h\000o\000d}{section.2.4}% 22
\BOOKMARK [2][-]{subsection.2.4.2}{\376\377\000U\000s\000u\000a\000l\000\040\000M\000F}{section.2.4}% 23
\BOOKMARK [2][-]{subsection.2.4.3}{\376\377\000C\000u\000m\000u\000l\000a\000n\000t\000\040\000M\000e\000t\000h\000o\000d}{section.2.4}% 24
\BOOKMARK [2][-]{subsection.2.4.4}{\376\377\000T\000i\000m\000e\000\040\000E\000v\000o\000l\000u\000t\000i\000o\000n\000\040\000A\000p\000p\000r\000o\000x\000i\000m\000a\000t\000i\000o\000n}{section.2.4}% 25
\BOOKMARK [0][-]{chapter.3}{\376\377\000C\000o\000n\000c\000l\000u\000s\000i\000o\000n}{}% 26
\BOOKMARK [1][-]{section.3.1}{\376\377\000S\000u\000m\000m\000a\000r\000y\000\040\000o\000f\000\040\000t\000h\000e\000\040\000R\000e\000p\000o\000r\000t}{chapter.3}% 27
\BOOKMARK [1][-]{section.3.2}{\376\377\000O\000p\000e\000n\000\040\000q\000u\000e\000s\000t\000i\000o\000n\000s}{chapter.3}% 28
\BOOKMARK [0][-]{section.3.2}{\376\377\000B\000i\000b\000l\000i\000o\000g\000r\000a\000p\000h\000y}{}% 29
\BOOKMARK [0][-]{appendix.A}{\376\377\000A\000d\000d\000i\000t\000i\000o\000n\000a\000l\000\040\000D\000e\000f\000i\000n\000i\000t\000i\000o\000n\000s}{}% 30
\BOOKMARK [1][-]{section.A.1}{\376\377\000N\000o\000t\000i\000o\000n\000s\000\040\000o\000f\000\040\000C\000o\000m\000p\000l\000e\000x\000i\000t\000y}{appendix.A}% 31
\BOOKMARK [2][-]{subsection.A.1.1}{\376\377\000P\000r\000e\000s\000e\000n\000t\000a\000t\000i\000o\000n\000\040\000o\000f\000\040\000t\000h\000e\000\040\000P\000r\000o\000b\000l\000e\000m}{section.A.1}% 32
\BOOKMARK [2][-]{subsection.A.1.2}{\376\377\000N\000o\000t\000a\000t\000i\000o\000n\000\040\000C\000o\000n\000v\000e\000n\000t\000i\000o\000n\000s}{section.A.1}% 33
\BOOKMARK [1][-]{section.A.2}{\376\377\000B\000e\000l\000l\000\040\000N\000u\000m\000b\000e\000r\000s}{appendix.A}% 34
\BOOKMARK [0][-]{appendix.B}{\376\377\000S\000u\000f\000f\000i\000c\000i\000e\000n\000t\000\040\000C\000o\000n\000d\000i\000t\000i\000o\000n\000\040\000f\000o\000r\000\040\000M\000u\000l\000t\000i\000p\000l\000i\000c\000i\000t\000y\000\040\000o\000f\000\040\000H\000e\000i\000s\000e\000n\000b\000e\000r\000g\000\040\000R\000e\000p\000r\000e\000s\000e\000n\000t\000a\000t\000i\000o\000n}{}% 35
\BOOKMARK [0][-]{appendix.C}{\376\377\000D\000e\000r\000i\000v\000a\000t\000i\000o\000n\000\040\000o\000f\000\040\000Q\000u\000a\000n\000t\000u\000m\000\040\000L\000a\000n\000g\000e\000v\000i\000n\000\040\000E\000q\000u\000a\000t\000i\000o\000n}{}% 36
\BOOKMARK [1][-]{section.C.1}{\376\377\000G\000e\000n\000e\000r\000a\000l\000\040\000D\000e\000r\000i\000v\000a\000t\000i\000o\000n}{appendix.C}% 37
\BOOKMARK [1][-]{section.C.2}{\376\377\000T\000w\000o\000-\000C\000a\000v\000i\000t\000y\000\040\000M\000o\000d\000e\000l}{appendix.C}% 38
\BOOKMARK [2][-]{subsection.C.2.1}{\376\377\000M\000o\000d\000e\000l}{section.C.2}% 39
\BOOKMARK [2][-]{subsection.C.2.2}{\376\377\000H\000e\000i\000s\000e\000n\000b\000e\000r\000g\000-\000L\000a\000n\000g\000e\000v\000i\000n\000\040\000E\000q\000u\000a\000t\000i\000o\000n\000s}{section.C.2}% 40
\BOOKMARK [0][-]{appendix.D}{\376\377\000E\000x\000p\000r\000e\000s\000s\000i\000o\000n\000\040\000o\000f\000\040\000S\000o\000m\000e\000\040\000Q\000u\000a\000n\000t\000i\000t\000i\000e\000s\000\040\000a\000s\000\040\000a\000\040\000F\000u\000n\000c\000t\000i\000o\000n\000\040\000o\000f\000\040\000M\000o\000m\000e\000n\000t\000s}{}% 41
\BOOKMARK [1][-]{section.D.1}{\376\377\000Q\000u\000a\000s\000i\000-\000P\000r\000o\000b\000a\000b\000i\000l\000i\000t\000i\000e\000s}{appendix.D}% 42
\BOOKMARK [2][-]{subsection.D.1.1}{\376\377\000S\000a\000n\000i\000t\000y\000\040\000C\000h\000e\000c\000k\000:\000\040\000C\000o\000h\000e\000r\000e\000n\000t\000\040\000S\000t\000a\000t\000e}{section.D.1}% 43
\BOOKMARK [1][-]{section.D.2}{\376\377\000P\000r\000o\000b\000a\000b\000i\000l\000i\000t\000y\000\040\000o\000f\000\040\000N\000u\000m\000b\000e\000r\000\040\000O\000c\000c\000u\000p\000a\000t\000i\000o\000n}{appendix.D}% 44
\BOOKMARK [2][-]{subsection.D.2.1}{\376\377\000S\000a\000n\000i\000t\000y\000\040\000C\000h\000e\000c\000k\000s}{section.D.2}% 45
\BOOKMARK [0][-]{appendix.E}{\376\377\000A\000n\000a\000l\000y\000t\000i\000c\000a\000l\000\040\000E\000x\000p\000r\000e\000s\000s\000i\000o\000n\000s\000\040\000f\000o\000r\000\040\000S\000o\000m\000e\000\040\000H\000a\000m\000i\000l\000t\000o\000n\000i\000a\000n\000s}{}% 46
\BOOKMARK [1][-]{section.E.1}{\376\377\000R\000e\000s\000u\000l\000t\000s\000\040\000a\000n\000d\000\040\000T\000e\000c\000h\000n\000i\000q\000u\000e\000s}{appendix.E}% 47
\BOOKMARK [2][-]{subsection.E.1.1}{\376\377\000T\000i\000m\000e\000-\000O\000r\000d\000e\000r\000e\000d\000\040\000E\000x\000p\000o\000n\000e\000n\000t\000i\000a\000l}{section.E.1}% 48
\BOOKMARK [2][-]{subsection.E.1.2}{\376\377\000D\000e\000r\000i\000v\000a\000t\000i\000o\000n\000\040\000w\000i\000t\000h\000\040\000R\000e\000s\000p\000e\000c\000t\000\040\000t\000o\000\040\000O\000p\000e\000r\000a\000t\000o\000r\000s}{section.E.1}% 49
\BOOKMARK [1][-]{section.E.2}{\376\377\000E\000x\000a\000m\000p\000l\000e\000s}{appendix.E}% 50
\BOOKMARK [2][-]{subsection.E.2.1}{\376\377\000O\000n\000e\000-\000M\000o\000d\000e\000\040\000K\000e\000r\000r\000\040\000H\000a\000m\000i\000l\000t\000o\000n\000i\000a\000n}{section.E.2}% 51
\BOOKMARK [2][-]{subsection.E.2.2}{\376\377\000C\000r\000o\000s\000s\000-\000K\000e\000r\000r\000\040\000H\000a\000m\000i\000l\000t\000o\000n\000i\000a\000n}{section.E.2}% 52
\BOOKMARK [2][-]{subsection.E.2.3}{\376\377\000P\000a\000r\000t\000i\000a\000l\000\040\000G\000e\000n\000e\000r\000a\000l\000i\000z\000a\000t\000i\000o\000n}{section.E.2}% 53
\BOOKMARK [0][-]{appendix.F}{\376\377\000S\000u\000m\000m\000a\000r\000y\000\040\000o\000f\000\040\000t\000h\000e\000\040\000M\000e\000t\000h\000o\000d\000s}{}% 54
\BOOKMARK [0][-]{appendix.G}{\376\377\000O\000t\000h\000e\000r\000\040\000N\000u\000m\000e\000r\000i\000c\000a\000l\000\040\000R\000e\000s\000u\000l\000t\000s}{}% 55
\BOOKMARK [1][-]{section.G.1}{\376\377\000G\000e\000n\000e\000r\000a\000l\000\040\000C\000o\000n\000s\000i\000d\000e\000r\000a\000t\000i\000o\000n\000s}{appendix.G}% 56
\BOOKMARK [1][-]{section.G.2}{\376\377\000T\000e\000s\000t\000\040\000o\000f\000\040\000X\000-\000g\000a\000t\000e}{appendix.G}% 57
\BOOKMARK [0][-]{appendix.H}{\376\377\000M\000i\000s\000c\000e\000l\000l\000a\000n\000e\000o\000u\000s}{}% 58
\BOOKMARK [1][-]{section.H.1}{\376\377\000P\000r\000o\000o\000f\000\040\000o\000f\000\040\000T\000h\000e\000o\000r\000e\000m\000\040\0001\000.\0001\000.\0001}{appendix.H}% 59
\BOOKMARK [1][-]{section.H.2}{\376\377\000P\000r\000o\000o\000f\000\040\000o\000f\000\040\000T\000h\000e\000o\000r\000e\000m\000\040\0001\000.\0001\000.\0002}{appendix.H}% 60
\BOOKMARK [1][-]{section.H.3}{\376\377\000S\000o\000l\000v\000i\000n\000g\000\040\000Q\000u\000a\000d\000r\000a\000t\000i\000c\000\040\000H\000a\000m\000i\000l\000t\000o\000n\000i\000a\000n\000\040\000w\000i\000t\000h\000\040\000O\000n\000e\000\040\000P\000h\000o\000t\000o\000n\000\040\000L\000o\000s\000s}{appendix.H}% 61
\BOOKMARK [1][-]{section.H.4}{\376\377\000N\000u\000m\000b\000e\000r\000\040\000o\000f\000\040\000E\000q\000u\000a\000t\000i\000o\000n\000s\000\040\000-\000\040\000M\000F\000\040\000E\000q\000u\000a\000t\000i\000o\000n\000s}{appendix.H}% 62
\BOOKMARK [1][-]{section.H.5}{\376\377\000P\000r\000o\000o\000f\000s\000\040\000a\000n\000d\000\040\000C\000o\000r\000o\000l\000l\000a\000r\000i\000e\000s\000\040\000-\000\040\000I\000n\000i\000t\000i\000a\000l\000\040\000S\000t\000a\000t\000e\000s\000\040\000\050\000T\000h\000e\000o\000r\000e\000m\000\040\0002\000.\0002\000.\0001\000\051}{appendix.H}% 63
\BOOKMARK [1][-]{section.H.6}{\376\377\000P\000r\000o\000o\000f\000\040\000o\000f\000\040\000I\000n\000d\000e\000p\000e\000n\000d\000e\000n\000t\000\040\000R\000e\000s\000o\000l\000u\000t\000i\000o\000n\000\040\000o\000n\000\040\000P\000r\000o\000j\000e\000c\000t\000o\000r\000s}{appendix.H}% 64
\BOOKMARK [1][-]{section.H.7}{\376\377\000P\000r\000o\000p\000e\000r\000t\000i\000e\000s\000\040\000o\000f\000\040\000S\000t\000a\000b\000i\000l\000i\000t\000y\000\040\000M\000a\000t\000r\000i\000x}{appendix.H}% 65
\BOOKMARK [1][-]{section.H.8}{\376\377\000C\000o\000m\000p\000l\000e\000x\000i\000t\000y\000\040\000o\000f\000\040\000T\000E\000A\000\040\000-\000\040\000C\000o\000m\000p\000u\000t\000a\000t\000i\000o\000n\000\040\000o\000f\000\040\000t\000h\000e\000\040\000C\000o\000m\000m\000u\000t\000a\000t\000o\000r\000s}{appendix.H}% 66
\BOOKMARK [1][-]{section.H.9}{\376\377\000P\000r\000o\000o\000f\000s\000\040\000f\000o\000r\000\040\000T\000i\000m\000e\000s\000\040\000o\000f\000\040\000V\000a\000l\000i\000d\000i\000t\000y\000\040\000-\000\040\000T\000E\000A}{appendix.H}% 67
\BOOKMARK [0][-]{appendix.I}{\376\377\000S\000u\000m\000\040\000o\000f\000\040\000G\000a\000u\000s\000s\000i\000a\000n\000\040\000S\000t\000a\000t\000e\000s\000\040\000r\000e\000d\000\050\000U\000N\000F\000I\000N\000I\000S\000H\000E\000D\000\051\000b\000l\000a\000c\000k}{}% 68
\BOOKMARK [1][-]{section.I.1}{\376\377\000O\000n\000e\000-\000M\000o\000d\000e\000\040\000G\000a\000u\000s\000s\000i\000a\000n\000\040\000S\000t\000a\000t\000e}{appendix.I}% 69
\BOOKMARK [2][-]{subsection.I.1.1}{\376\377\000O\000n\000e\000-\000M\000o\000d\000e\000\040\000S\000q\000u\000e\000e\000z\000e\000\040\000O\000p\000e\000r\000a\000t\000o\000r}{section.I.1}% 70
\BOOKMARK [2][-]{subsection.I.1.2}{\376\377\000S\000c\000a\000l\000a\000r\000\040\000P\000r\000o\000d\000u\000c\000t\000\040\000o\000f\000\040\000O\000n\000e\000-\000M\000o\000d\000e\000\040\000G\000a\000u\000s\000s\000i\000a\000n\000\040\000S\000t\000a\000t\000e\000s}{section.I.1}% 71
\BOOKMARK [2][-]{subsection.I.1.3}{\376\377\000S\000q\000u\000e\000e\000z\000e\000\040\000a\000n\000d\000\040\000D\000i\000s\000p\000l\000a\000c\000e\000m\000e\000n\000t\000\040\000O\000p\000e\000r\000a\000t\000o\000r\000s}{section.I.1}% 72
\BOOKMARK [2][-]{subsection.I.1.4}{\376\377\000C\000u\000m\000u\000l\000a\000n\000t\000s\000\040\000o\000f\000\040\000O\000n\000e\000-\000M\000o\000d\000e\000\040\000G\000a\000u\000s\000s\000i\000a\000n\000\040\000S\000t\000a\000t\000e\000s}{section.I.1}% 73
\BOOKMARK [2][-]{subsection.I.1.5}{\376\377\000C\000u\000m\000u\000l\000a\000n\000t\000s\000\040\000o\000f\000\040\000O\000n\000e\000-\000M\000o\000d\000e\000\040\000G\000a\000u\000s\000s\000i\000a\000n\000\040\000P\000r\000o\000j\000e\000c\000t\000o\000r\000s}{section.I.1}% 74
